2021-10-12 21:41:51,646 INFO  TestCase.Login - TC01_Check_Email_Requirement: Verify tooltip alert display when user let Email empty
2021-10-13 09:11:09,657 INFO  TestCase.Login - TC01_Check_Email_Requirement: Verify tooltip alert display when user let Email empty
2021-10-13 09:11:09,828 INFO  TestCase.Login - TC01_Check_Email_Requirement: Verify incorrect email format 'text'
2021-10-13 09:13:19,042 INFO  TestCase.Login - TC01_Check_Email_Requirement: Verify tooltip alert display when user let Email empty
2021-10-13 09:13:19,223 INFO  TestCase.Login - TC01_Check_Email_Requirement: Verify incorrect email format 'text'
2021-10-13 09:14:56,699 INFO  TestCase.Login - TC01_Check_Email_Requirement: Verify tooltip alert display when user let Email empty
2021-10-13 09:14:56,884 INFO  TestCase.Login - TC01_Check_Email_Requirement: Verify incorrect email format 'text'
2021-10-13 09:14:59,469 INFO  TestCase.Login - TC01_Check_Email_Requirement: Verify incorrect email format 'text@'
2021-10-13 09:15:02,450 INFO  TestCase.Login - TC01_Check_Email_Requirement: Verify incorrect email format 'text@text'
2021-10-13 09:15:05,056 INFO  TestCase.Login - TC01_Check_Email_Requirement: Verify incorrect email format 'text@text.'
2021-10-13 09:15:07,761 INFO  TestCase.Login - TC01_Check_Email_Requirement: Verify incorrect email format 'text@text.text@'
2021-10-13 09:38:31,444 INFO  TestCase.Login - TC01_Check_Email_Requirement: Verify tooltip alert display when user let Email empty
2021-10-13 09:38:31,615 INFO  TestCase.Login - TC01_Check_Email_Requirement: Verify incorrect email format 'text'
2021-10-13 09:38:32,301 INFO  TestCase.Login - TC01_Check_Email_Requirement: Verify incorrect email format 'text@'
2021-10-13 09:38:33,201 INFO  TestCase.Login - TC01_Check_Email_Requirement: Verify incorrect email format 'text@text'
2021-10-13 09:38:36,289 INFO  TestCase.Login - TC01_Check_Email_Requirement: Verify incorrect email format 'text@text.'
2021-10-13 09:38:38,783 INFO  TestCase.Login - TC01_Check_Email_Requirement: Verify incorrect email format 'text@text.text@'
2021-10-13 09:38:41,168 INFO  TestCase.Login - TC01_Check_Email_Requirement: Verify warning message not display after click on close button
2021-10-13 09:38:41,301 INFO  TestCase.Login - TC02_Check_PASSWORD_Requirement: Verify tooltip alert display when user let Email empty
2021-10-13 09:38:41,574 INFO  TestCase.Login - TC02_Check_PASSWORD_Requirement: Password less than 8 characters
2021-10-13 09:38:43,376 INFO  TestCase.Login - TC02_Check_PASSWORD_Requirement: Password less than 8 characters
2021-10-13 09:38:45,959 INFO  TestCase.Login - TC02_Check_PASSWORD_Requirement: Verify warning message not display after click on close button
2021-10-13 09:38:46,117 INFO  TestCase.Login - TC03_Check_Incorrect_Email: input email = qatest@gmail.com, password = 12345678
2021-10-13 09:38:48,484 INFO  TestCase.Login - TC03_Check_Incorrect_Email: Verify warning message not display after click on close button
2021-10-13 09:38:48,618 INFO  TestCase.Login - TC04_Check_Incorrect_Password: input email = khoatran852005@live.com, password = 11111111
2021-10-13 09:38:51,359 INFO  TestCase.Login - TC04_Check_Incorrect_Password: Verify warning message not display after click on close button
2021-10-13 09:45:43,297 INFO  TestCase.Login - TC01_Check_Email_Requirement: Verify tooltip alert display when user let Email empty
2021-10-13 09:45:43,520 INFO  TestCase.Login - TC01_Check_Email_Requirement: Verify incorrect email format 'text'
2021-10-13 09:45:44,301 INFO  TestCase.Login - TC01_Check_Email_Requirement: Verify incorrect email format 'text@'
2021-10-13 09:45:45,462 INFO  TestCase.Login - TC01_Check_Email_Requirement: Verify incorrect email format 'text@text'
2021-10-13 09:45:46,379 INFO  TestCase.Login - TC01_Check_Email_Requirement: Verify incorrect email format 'text@text.'
2021-10-13 09:45:47,978 INFO  TestCase.Login - TC01_Check_Email_Requirement: Verify incorrect email format 'text@text.text@'
2021-10-13 09:45:50,858 INFO  TestCase.Login - TC01_Check_Email_Requirement: Verify warning message not display after click on close button
2021-10-13 09:45:51,041 INFO  TestCase.Login - TC02_Check_PASSWORD_Requirement: Verify tooltip alert display when user let Email empty
2021-10-13 09:45:51,300 INFO  TestCase.Login - TC02_Check_PASSWORD_Requirement: Password less than 8 characters
2021-10-13 09:45:54,458 INFO  TestCase.Login - TC02_Check_PASSWORD_Requirement: Password less than 8 characters
2021-10-13 09:45:56,368 INFO  TestCase.Login - TC02_Check_PASSWORD_Requirement: Verify warning message not display after click on close button
2021-10-13 09:45:56,476 INFO  TestCase.Login - TC03_Check_Incorrect_Email: input email = qatest@gmail.com, password = 12345678
2021-10-13 09:45:58,759 INFO  TestCase.Login - TC03_Check_Incorrect_Email: Verify warning message not display after click on close button
2021-10-13 09:45:58,862 INFO  TestCase.Login - TC04_Check_Incorrect_Password: input email = khoatran852005@live.com, password = 11111111
2021-10-13 09:46:01,757 INFO  TestCase.Login - TC04_Check_Incorrect_Password: Verify warning message not display after click on close button
2021-10-13 10:14:20,243 INFO  TestCase.Login - TC01_Check_Email_Requirement: Verify tooltip alert display when user let Email empty
2021-10-13 10:14:20,410 INFO  TestCase.Login - TC01_Check_Email_Requirement: Verify incorrect email format 'text'
2021-10-13 10:14:23,079 INFO  TestCase.Login - TC01_Check_Email_Requirement: Verify incorrect email format 'text@'
2021-10-13 10:14:25,676 INFO  TestCase.Login - TC01_Check_Email_Requirement: Verify incorrect email format 'text@text'
2021-10-13 10:14:28,271 INFO  TestCase.Login - TC01_Check_Email_Requirement: Verify incorrect email format 'text@text.'
2021-10-13 10:14:30,681 INFO  TestCase.Login - TC01_Check_Email_Requirement: Verify incorrect email format 'text@text.text@'
2021-10-13 10:14:33,663 INFO  TestCase.Login - TC01_Check_Email_Requirement: Verify warning message not display after click on close button
2021-10-13 10:14:33,798 INFO  TestCase.Login - TC02_Check_PASSWORD_Requirement: Verify tooltip alert display when user let Email empty
2021-10-13 10:14:34,027 INFO  TestCase.Login - TC02_Check_PASSWORD_Requirement: Password less than 8 characters
2021-10-13 10:14:36,451 INFO  TestCase.Login - TC02_Check_PASSWORD_Requirement: Password less than 8 characters
2021-10-13 10:14:39,072 INFO  TestCase.Login - TC02_Check_PASSWORD_Requirement: Verify warning message not display after click on close button
2021-10-13 10:14:39,217 INFO  TestCase.Login - TC03_Check_Incorrect_Email: input email = qatest@gmail.com, password = 12345678
2021-10-13 10:14:42,168 INFO  TestCase.Login - TC03_Check_Incorrect_Email: Verify warning message not display after click on close button
2021-10-13 10:14:42,252 INFO  TestCase.Login - TC04_Check_Incorrect_Password: input email = khoatran852005@live.com, password = 11111111
2021-10-13 10:14:45,767 INFO  TestCase.Login - TC04_Check_Incorrect_Password: Verify warning message not display after click on close button
2021-10-13 10:14:45,869 INFO  TestCase.Login - TC05_Login_Unpublish_Account: login un-publish account 
2021-10-13 10:14:49,056 INFO  TestCase.Login - TC05_Login_Unpublish_Account: Verify warning message not display after click on close button
2021-10-13 10:14:49,140 INFO  TestCase.Login - TC06_Verify_Clicking_On_goShop_Logo_Will_Open_Partner_Sign_In_Page: Click on goShop logo
2021-10-13 10:14:52,144 INFO  TestCase.Login - TC06_Verify_Clicking_On_goShop_Logo_Will_Open_Partner_Sign_In_Page: Verify partner page login is opened
2021-10-13 10:14:52,148 INFO  TestCase.Login - TC07_Verify_Login_Success: Login correct email & password
2021-10-13 10:14:57,055 INFO  TestCase.Login - TC07_Verify_Login_Success: Click on goShop logo
2021-10-13 10:17:06,030 INFO  TestCase.Login - TC01_Check_Email_Requirement: Verify tooltip alert display when user let Email empty
2021-10-13 10:17:06,242 INFO  TestCase.Login - TC01_Check_Email_Requirement: Verify incorrect email format 'text'
2021-10-13 10:17:08,780 INFO  TestCase.Login - TC01_Check_Email_Requirement: Verify incorrect email format 'text@'
2021-10-13 10:17:11,858 INFO  TestCase.Login - TC01_Check_Email_Requirement: Verify incorrect email format 'text@text'
2021-10-13 10:17:14,786 INFO  TestCase.Login - TC01_Check_Email_Requirement: Verify incorrect email format 'text@text.'
2021-10-13 10:17:17,556 INFO  TestCase.Login - TC01_Check_Email_Requirement: Verify incorrect email format 'text@text.text@'
2021-10-13 10:17:20,067 INFO  TestCase.Login - TC01_Check_Email_Requirement: Verify warning message not display after click on close button
2021-10-13 10:17:20,244 INFO  TestCase.Login - TC02_Check_PASSWORD_Requirement: Verify tooltip alert display when user let Email empty
2021-10-13 10:17:20,474 INFO  TestCase.Login - TC02_Check_PASSWORD_Requirement: Password less than 8 characters
2021-10-13 10:17:23,371 INFO  TestCase.Login - TC02_Check_PASSWORD_Requirement: Password less than 8 characters
2021-10-13 10:17:26,283 INFO  TestCase.Login - TC02_Check_PASSWORD_Requirement: Verify warning message not display after click on close button
2021-10-13 10:17:26,415 INFO  TestCase.Login - TC03_Check_Incorrect_Email: input email = qatest@gmail.com, password = 12345678
2021-10-13 10:17:28,697 INFO  TestCase.Login - TC03_Check_Incorrect_Email: Verify warning message not display after click on close button
2021-10-13 10:17:28,816 INFO  TestCase.Login - TC04_Check_Incorrect_Password: input email = khoatran852005@live.com, password = 11111111
2021-10-13 10:17:32,083 INFO  TestCase.Login - TC04_Check_Incorrect_Password: Verify warning message not display after click on close button
2021-10-13 10:17:32,182 INFO  TestCase.Login - TC05_Login_Unpublish_Account: login un-publish account 
2021-10-13 10:17:34,745 INFO  TestCase.Login - TC05_Login_Unpublish_Account: Verify warning message not display after click on close button
2021-10-13 10:17:34,890 INFO  TestCase.Login - TC06_Verify_Clicking_On_goShop_Logo_Will_Open_Partner_Sign_In_Page: Click on goShop logo
2021-10-13 10:17:37,525 INFO  TestCase.Login - TC06_Verify_Clicking_On_goShop_Logo_Will_Open_Partner_Sign_In_Page: Verify partner page login is opened
2021-10-13 10:17:37,529 INFO  TestCase.Login - TC07_Verify_Login_Success: Login correct email & password
2021-10-13 10:17:40,734 INFO  TestCase.Login - TC07_Verify_Login_Success: Click on goShop logo
2021-10-13 10:35:24,455 INFO  TestCase.Login - TC01_Check_Email_Requirement: Verify tooltip alert display when user let Email empty
2021-10-13 10:35:24,636 INFO  TestCase.Login - TC01_Check_Email_Requirement: Verify incorrect email format 'text'
2021-10-13 10:35:25,275 INFO  TestCase.Login - TC01_Check_Email_Requirement: Verify incorrect email format 'text@'
2021-10-13 10:35:26,235 INFO  TestCase.Login - TC01_Check_Email_Requirement: Verify incorrect email format 'text@text'
2021-10-13 10:35:26,935 INFO  TestCase.Login - TC01_Check_Email_Requirement: Verify incorrect email format 'text@text.'
2021-10-13 10:35:27,607 INFO  TestCase.Login - TC01_Check_Email_Requirement: Verify incorrect email format 'text@text.text@'
2021-10-13 10:35:28,353 INFO  TestCase.Login - TC01_Check_Email_Requirement: Verify warning message not display after click on close button
2021-10-13 10:35:28,531 INFO  TestCase.Login - TC02_Check_PASSWORD_Requirement: Verify tooltip alert display when user let Email empty
2021-10-13 10:35:28,794 INFO  TestCase.Login - TC02_Check_PASSWORD_Requirement: Password less than 8 characters
2021-10-13 10:35:29,786 INFO  TestCase.Login - TC02_Check_PASSWORD_Requirement: Password less than 8 characters
2021-10-13 10:35:31,470 INFO  TestCase.Login - TC02_Check_PASSWORD_Requirement: Verify warning message not display after click on close button
2021-10-13 10:35:31,630 INFO  TestCase.Login - TC03_Check_Incorrect_Email: input email = qatest@gmail.com, password = 12345678
2021-10-13 10:35:34,278 INFO  TestCase.Login - TC03_Check_Incorrect_Email: Verify warning message not display after click on close button
2021-10-13 10:35:34,420 INFO  TestCase.Login - TC04_Check_Incorrect_Password: input email = khoatran852005@live.com, password = 11111111
2021-10-13 10:35:37,464 INFO  TestCase.Login - TC04_Check_Incorrect_Password: Verify warning message not display after click on close button
2021-10-13 10:35:37,609 INFO  TestCase.Login - TC05_Login_Unpublish_Account: login un-publish account 
2021-10-13 10:35:39,867 INFO  TestCase.Login - TC05_Login_Unpublish_Account: Verify warning message not display after click on close button
2021-10-13 10:35:39,967 INFO  TestCase.Login - TC06_Verify_Clicking_On_goShop_Logo_Will_Open_Partner_Sign_In_Page: Click on goShop logo
2021-10-13 10:35:42,238 INFO  TestCase.Login - TC06_Verify_Clicking_On_goShop_Logo_Will_Open_Partner_Sign_In_Page: Verify partner page login is opened
2021-10-13 10:35:42,282 INFO  TestCase.Login - TC07_Verify_Login_Success: Login correct email & password
2021-10-13 10:35:45,229 INFO  TestCase.Login - TC07_Verify_Login_Success: Click on goShop logo
2021-10-13 10:36:50,094 INFO  TestCase.Login - TC01_Check_Email_Requirement: Verify tooltip alert display when user let Email empty
2021-10-13 10:36:50,279 INFO  TestCase.Login - TC01_Check_Email_Requirement: Verify incorrect email format 'text'
2021-10-13 10:36:52,288 INFO  TestCase.Login - TC01_Check_Email_Requirement: Verify incorrect email format 'text@'
2021-10-13 10:36:54,862 INFO  TestCase.Login - TC01_Check_Email_Requirement: Verify incorrect email format 'text@text'
2021-10-13 10:36:57,363 INFO  TestCase.Login - TC01_Check_Email_Requirement: Verify incorrect email format 'text@text.'
2021-10-13 10:36:59,076 INFO  TestCase.Login - TC01_Check_Email_Requirement: Verify incorrect email format 'text@text.text@'
2021-10-13 10:37:00,059 INFO  TestCase.Login - TC01_Check_Email_Requirement: Verify warning message not display after click on close button
2021-10-13 10:37:00,188 INFO  TestCase.Login - TC02_Check_PASSWORD_Requirement: Verify tooltip alert display when user let Email empty
2021-10-13 10:37:00,482 INFO  TestCase.Login - TC02_Check_PASSWORD_Requirement: Password less than 8 characters
2021-10-13 10:37:02,172 INFO  TestCase.Login - TC02_Check_PASSWORD_Requirement: Password less than 8 characters
2021-10-13 10:37:04,756 INFO  TestCase.Login - TC02_Check_PASSWORD_Requirement: Verify warning message not display after click on close button
2021-10-13 10:37:04,948 INFO  TestCase.Login - TC03_Check_Incorrect_Email: input email = qatest@gmail.com, password = 12345678
2021-10-13 10:37:07,576 INFO  TestCase.Login - TC03_Check_Incorrect_Email: Verify warning message not display after click on close button
2021-10-13 10:37:07,693 INFO  TestCase.Login - TC04_Check_Incorrect_Password: input email = khoatran852005@live.com, password = 11111111
2021-10-13 10:37:10,363 INFO  TestCase.Login - TC04_Check_Incorrect_Password: Verify warning message not display after click on close button
2021-10-13 10:37:10,460 INFO  TestCase.Login - TC05_Login_Unpublish_Account: login un-publish account 
2021-10-13 10:37:12,567 INFO  TestCase.Login - TC05_Login_Unpublish_Account: Verify warning message not display after click on close button
2021-10-13 10:37:12,697 INFO  TestCase.Login - TC06_Verify_Clicking_On_goShop_Logo_Will_Open_Partner_Sign_In_Page: Click on goShop logo
2021-10-13 10:37:17,836 INFO  TestCase.Login - TC06_Verify_Clicking_On_goShop_Logo_Will_Open_Partner_Sign_In_Page: Verify partner page login is opened
2021-10-13 10:37:17,852 INFO  TestCase.Login - TC07_Verify_Login_Success: Login correct email & password
2021-10-13 10:37:18,964 INFO  TestCase.Login - TC07_Verify_Login_Success: Click on goShop logo
2021-10-13 10:40:37,104 INFO  TestCase.Login - TC06_Verify_Clicking_On_goShop_Logo_Will_Open_Partner_Sign_In_Page: Click on goShop logo
2021-10-13 10:40:41,864 INFO  TestCase.Login - TC06_Verify_Clicking_On_goShop_Logo_Will_Open_Partner_Sign_In_Page: Verify partner page login is opened
2021-10-13 10:41:33,379 INFO  TestCase.Login - TC06_Verify_Clicking_On_goShop_Logo_Will_Open_Partner_Sign_In_Page: Click on goShop logo
2021-10-13 10:41:36,867 INFO  TestCase.Login - TC06_Verify_Clicking_On_goShop_Logo_Will_Open_Partner_Sign_In_Page: Verify partner page login is opened
2021-10-13 10:43:22,733 INFO  TestCase.Login - TC06_Verify_Clicking_On_goShop_Logo_Will_Open_Partner_Sign_In_Page: Click on goShop logo
2021-10-13 10:43:26,220 INFO  TestCase.Login - TC06_Verify_Clicking_On_goShop_Logo_Will_Open_Partner_Sign_In_Page: Verify partner page login is opened
2021-10-13 11:28:48,498 INFO  TestCase.Login - TC06_Verify_Clicking_On_goShop_Logo_Will_Open_Partner_Sign_In_Page: Click on goShop logo
2021-10-13 11:28:54,467 INFO  TestCase.Login - TC06_Verify_Clicking_On_goShop_Logo_Will_Open_Partner_Sign_In_Page: Verify partner page login is opened
2021-10-13 11:29:18,348 INFO  TestCase.Login - TC06_Verify_Clicking_On_goShop_Logo_Will_Open_Partner_Sign_In_Page: Click on goShop logo
2021-10-13 11:29:22,673 INFO  TestCase.Login - TC06_Verify_Clicking_On_goShop_Logo_Will_Open_Partner_Sign_In_Page: Verify partner page login is opened
2021-10-13 11:36:59,037 INFO  TestCase.Login - TC06_Verify_Clicking_On_goShop_Logo_Will_Open_Partner_Sign_In_Page: Click on goShop logo
2021-10-13 11:37:02,678 INFO  TestCase.Login - TC06_Verify_Clicking_On_goShop_Logo_Will_Open_Partner_Sign_In_Page: Verify partner page login is opened
2021-10-13 11:37:27,292 INFO  TestCase.Login - TC01_Check_Email_Requirement: Verify tooltip alert display when user let Email empty
2021-10-13 11:37:27,471 INFO  TestCase.Login - TC02_Check_PASSWORD_Requirement: Verify tooltip alert display when user let Email empty
2021-10-13 11:37:27,705 INFO  TestCase.Login - TC03_Check_Incorrect_Email: input email = qatest@gmail.com, password = 12345678
2021-10-13 11:37:28,497 INFO  TestCase.Login - TC03_Check_Incorrect_Email: Verify warning message not display after click on close button
2021-10-13 11:37:28,619 INFO  TestCase.Login - TC04_Check_Incorrect_Password: input email = khoatran852005@live.com, password = 11111111
2021-10-13 11:37:29,689 INFO  TestCase.Login - TC04_Check_Incorrect_Password: Verify warning message not display after click on close button
2021-10-13 11:37:29,789 INFO  TestCase.Login - TC05_Login_Unpublish_Account: login un-publish account 
2021-10-13 11:37:32,179 INFO  TestCase.Login - TC05_Login_Unpublish_Account: Verify warning message not display after click on close button
2021-10-13 11:37:32,267 INFO  TestCase.Login - TC06_Verify_Clicking_On_goShop_Logo_Will_Open_Partner_Sign_In_Page: Click on goShop logo
2021-10-13 11:37:37,081 INFO  TestCase.Login - TC06_Verify_Clicking_On_goShop_Logo_Will_Open_Partner_Sign_In_Page: Verify partner page login is opened
2021-10-13 11:37:37,095 INFO  TestCase.Login - TC07_Verify_Login_Success: Login correct email & password
2021-10-13 11:37:37,774 INFO  TestCase.Login - TC07_Verify_Login_Success: Click on goShop logo
2021-10-13 11:38:46,063 INFO  TestCase.Login - TC01_Check_Email_Requirement: Verify tooltip alert display when user let Email empty
2021-10-13 11:38:46,245 INFO  TestCase.Login - TC02_Check_PASSWORD_Requirement: Verify tooltip alert display when user let Email empty
2021-10-13 11:38:46,459 INFO  TestCase.Login - TC03_Check_Incorrect_Email: input email = qatest@gmail.com, password = 12345678
2021-10-13 11:38:47,960 INFO  TestCase.Login - TC03_Check_Incorrect_Email: Verify warning message not display after click on close button
2021-10-13 11:38:48,091 INFO  TestCase.Login - TC04_Check_Incorrect_Password: input email = khoatran852005@live.com, password = 11111111
2021-10-13 11:38:51,068 INFO  TestCase.Login - TC04_Check_Incorrect_Password: Verify warning message not display after click on close button
2021-10-13 11:38:51,220 INFO  TestCase.Login - TC05_Login_Unpublish_Account: login un-publish account 
2021-10-13 11:38:54,285 INFO  TestCase.Login - TC05_Login_Unpublish_Account: Verify warning message not display after click on close button
2021-10-13 11:38:54,400 INFO  TestCase.Login - TC06_Verify_Clicking_On_goShop_Logo_Will_Open_Partner_Sign_In_Page: Click on goShop logo
2021-10-13 11:38:59,754 INFO  TestCase.Login - TC06_Verify_Clicking_On_goShop_Logo_Will_Open_Partner_Sign_In_Page: Verify partner page login is opened
2021-10-13 11:38:59,768 INFO  TestCase.Login - TC07_Verify_Login_Success: Login correct email & password
2021-10-13 11:39:00,752 INFO  TestCase.Login - TC07_Verify_Login_Success: Click on goShop logo
2021-10-13 11:40:05,646 INFO  TestCase.Login - TC01_Check_Email_Requirement: Verify tooltip alert display when user let Email empty
2021-10-13 11:40:05,818 INFO  TestCase.Login - TC02_Check_PASSWORD_Requirement: Verify tooltip alert display when user let Email empty
2021-10-13 11:40:06,033 INFO  TestCase.Login - TC03_Check_Incorrect_Email: input email = qatest@gmail.com, password = 12345678
2021-10-13 11:40:08,299 INFO  TestCase.Login - TC03_Check_Incorrect_Email: Verify warning message not display after click on close button
2021-10-13 11:40:08,400 INFO  TestCase.Login - TC04_Check_Incorrect_Password: input email = khoatran852005@live.com, password = 11111111
2021-10-13 11:40:11,067 INFO  TestCase.Login - TC04_Check_Incorrect_Password: Verify warning message not display after click on close button
2021-10-13 11:40:11,191 INFO  TestCase.Login - TC05_Login_Unpublish_Account: login un-publish account 
2021-10-13 11:40:13,677 INFO  TestCase.Login - TC05_Login_Unpublish_Account: Verify warning message not display after click on close button
2021-10-13 11:40:13,841 INFO  TestCase.Login - TC06_Verify_Clicking_On_goShop_Logo_Will_Open_Partner_Sign_In_Page: Click on goShop logo
2021-10-13 11:40:19,068 INFO  TestCase.Login - TC06_Verify_Clicking_On_goShop_Logo_Will_Open_Partner_Sign_In_Page: Verify partner page login is opened
2021-10-13 11:40:19,082 INFO  TestCase.Login - TC07_Verify_Login_Success: Login correct email & password
2021-10-13 11:40:20,651 INFO  TestCase.Login - TC07_Verify_Login_Success: Click on goShop logo
2021-10-13 11:41:23,516 INFO  TestCase.Login - TC01_Check_Email_Requirement: Verify tooltip alert display when user let Email empty
2021-10-13 11:41:23,697 INFO  TestCase.Login - TC02_Check_PASSWORD_Requirement: Verify tooltip alert display when user let Email empty
2021-10-13 11:41:23,913 INFO  TestCase.Login - TC03_Check_Incorrect_Email: input email = qatest@gmail.com, password = 12345678
2021-10-13 11:41:24,656 INFO  TestCase.Login - TC03_Check_Incorrect_Email: Verify warning message not display after click on close button
2021-10-13 11:41:24,773 INFO  TestCase.Login - TC04_Check_Incorrect_Password: input email = khoatran852005@live.com, password = 11111111
2021-10-13 11:41:25,570 INFO  TestCase.Login - TC04_Check_Incorrect_Password: Verify warning message not display after click on close button
2021-10-13 11:41:25,732 INFO  TestCase.Login - TC05_Login_Unpublish_Account: login un-publish account 
2021-10-13 11:41:28,361 INFO  TestCase.Login - TC05_Login_Unpublish_Account: Verify warning message not display after click on close button
2021-10-13 11:41:28,460 INFO  TestCase.Login - TC06_Verify_Clicking_On_goShop_Logo_Will_Open_Partner_Sign_In_Page: Click on goShop logo
2021-10-13 11:41:33,476 INFO  TestCase.Login - TC06_Verify_Clicking_On_goShop_Logo_Will_Open_Partner_Sign_In_Page: Verify partner page login is opened
2021-10-13 11:41:33,490 INFO  TestCase.Login - TC07_Verify_Login_Success: Login correct email & password
2021-10-13 11:41:34,347 INFO  TestCase.Login - TC07_Verify_Login_Success: Click on goShop logo
2021-10-13 11:41:51,323 INFO  TestCase.Login - TC01_Check_Email_Requirement: Verify tooltip alert display when user let Email empty
2021-10-13 11:41:51,511 INFO  TestCase.Login - TC01_Check_Email_Requirement: Verify incorrect email format 'text'
2021-10-13 11:41:54,473 INFO  TestCase.Login - TC01_Check_Email_Requirement: Verify incorrect email format 'text@'
2021-10-13 11:41:56,773 INFO  TestCase.Login - TC01_Check_Email_Requirement: Verify incorrect email format 'text@text'
2021-10-13 11:41:58,792 INFO  TestCase.Login - TC02_Check_PASSWORD_Requirement: Verify tooltip alert display when user let Email empty
2021-10-13 11:41:59,060 INFO  TestCase.Login - TC02_Check_PASSWORD_Requirement: Password less than 8 characters
2021-10-13 11:41:59,877 INFO  TestCase.Login - TC02_Check_PASSWORD_Requirement: Password less than 8 characters
2021-10-13 11:42:00,553 INFO  TestCase.Login - TC02_Check_PASSWORD_Requirement: Verify warning message not display after click on close button
2021-10-13 11:42:00,670 INFO  TestCase.Login - TC03_Check_Incorrect_Email: input email = qatest@gmail.com, password = 12345678
2021-10-13 11:42:03,377 INFO  TestCase.Login - TC03_Check_Incorrect_Email: Verify warning message not display after click on close button
2021-10-13 11:42:03,492 INFO  TestCase.Login - TC04_Check_Incorrect_Password: input email = khoatran852005@live.com, password = 11111111
2021-10-13 11:42:05,768 INFO  TestCase.Login - TC04_Check_Incorrect_Password: Verify warning message not display after click on close button
2021-10-13 11:42:05,865 INFO  TestCase.Login - TC05_Login_Unpublish_Account: login un-publish account 
2021-10-13 11:42:08,158 INFO  TestCase.Login - TC05_Login_Unpublish_Account: Verify warning message not display after click on close button
2021-10-13 11:42:08,322 INFO  TestCase.Login - TC06_Verify_Clicking_On_goShop_Logo_Will_Open_Partner_Sign_In_Page: Click on goShop logo
2021-10-13 11:42:13,456 INFO  TestCase.Login - TC06_Verify_Clicking_On_goShop_Logo_Will_Open_Partner_Sign_In_Page: Verify partner page login is opened
2021-10-13 11:42:13,471 INFO  TestCase.Login - TC07_Verify_Login_Success: Login correct email & password
2021-10-13 11:42:16,034 INFO  TestCase.Login - TC07_Verify_Login_Success: Click on goShop logo
2021-10-13 11:46:29,651 INFO  TestCase.Login - TC01_Check_Email_Requirement: Verify tooltip alert display when user let Email empty
2021-10-13 11:46:29,830 INFO  TestCase.Login - TC01_Check_Email_Requirement: Verify incorrect email format 'text'
2021-10-13 11:46:30,535 INFO  TestCase.Login - TC01_Check_Email_Requirement: Verify incorrect email format 'text@'
2021-10-13 11:46:31,307 INFO  TestCase.Login - TC01_Check_Email_Requirement: Verify incorrect email format 'text@text'
2021-10-13 11:46:32,074 INFO  TestCase.Login - TC01_Check_Email_Requirement: Verify incorrect email format 'text@text.'
2021-10-13 11:46:32,875 INFO  TestCase.Login - TC02_Check_PASSWORD_Requirement: Verify tooltip alert display when user let Email empty
2021-10-13 11:46:33,141 INFO  TestCase.Login - TC02_Check_PASSWORD_Requirement: Password less than 8 characters
2021-10-13 11:46:33,963 INFO  TestCase.Login - TC02_Check_PASSWORD_Requirement: Password less than 8 characters
2021-10-13 11:46:34,707 INFO  TestCase.Login - TC02_Check_PASSWORD_Requirement: Verify warning message not display after click on close button
2021-10-13 11:46:34,832 INFO  TestCase.Login - TC03_Check_Incorrect_Email: input email = qatest@gmail.com, password = 12345678
2021-10-13 11:46:36,371 INFO  TestCase.Login - TC03_Check_Incorrect_Email: Verify warning message not display after click on close button
2021-10-13 11:46:36,455 INFO  TestCase.Login - TC04_Check_Incorrect_Password: input email = khoatran852005@live.com, password = 11111111
2021-10-13 11:46:39,382 INFO  TestCase.Login - TC04_Check_Incorrect_Password: Verify warning message not display after click on close button
2021-10-13 11:46:39,480 INFO  TestCase.Login - TC05_Login_Unpublish_Account: login un-publish account 
2021-10-13 11:46:41,978 INFO  TestCase.Login - TC05_Login_Unpublish_Account: Verify warning message not display after click on close button
2021-10-13 11:46:42,108 INFO  TestCase.Login - TC06_Verify_Clicking_On_goShop_Logo_Will_Open_Partner_Sign_In_Page: Click on goShop logo
2021-10-13 11:46:47,473 INFO  TestCase.Login - TC06_Verify_Clicking_On_goShop_Logo_Will_Open_Partner_Sign_In_Page: Verify partner page login is opened
2021-10-13 11:46:47,489 INFO  TestCase.Login - TC07_Verify_Login_Success: Login correct email & password
2021-10-13 11:46:48,942 INFO  TestCase.Login - TC07_Verify_Login_Success: Click on goShop logo
2021-10-13 11:47:14,623 INFO  TestCase.Login - TC01_Check_Email_Requirement: Verify tooltip alert display when user let Email empty
2021-10-13 11:47:14,795 INFO  TestCase.Login - TC01_Check_Email_Requirement: Verify incorrect email format 'text'
2021-10-13 11:47:17,083 INFO  TestCase.Login - TC01_Check_Email_Requirement: Verify incorrect email format 'text@'
2021-10-13 11:47:19,695 INFO  TestCase.Login - TC01_Check_Email_Requirement: Verify incorrect email format 'text@text'
2021-10-13 11:47:22,276 INFO  TestCase.Login - TC01_Check_Email_Requirement: Verify incorrect email format 'text@text.'
2021-10-13 11:47:24,867 INFO  TestCase.Login - TC01_Check_Email_Requirement: Verify incorrect email format 'text@text.text@'
2021-10-13 11:47:27,079 INFO  TestCase.Login - TC02_Check_PASSWORD_Requirement: Verify tooltip alert display when user let Email empty
2021-10-13 11:47:27,359 INFO  TestCase.Login - TC02_Check_PASSWORD_Requirement: Password less than 8 characters
2021-10-13 11:47:30,057 INFO  TestCase.Login - TC02_Check_PASSWORD_Requirement: Password less than 8 characters
2021-10-13 11:47:32,181 INFO  TestCase.Login - TC02_Check_PASSWORD_Requirement: Verify warning message not display after click on close button
2021-10-13 11:47:32,327 INFO  TestCase.Login - TC03_Check_Incorrect_Email: input email = qatest@gmail.com, password = 12345678
2021-10-13 11:47:34,873 INFO  TestCase.Login - TC03_Check_Incorrect_Email: Verify warning message not display after click on close button
2021-10-13 11:47:34,975 INFO  TestCase.Login - TC04_Check_Incorrect_Password: input email = khoatran852005@live.com, password = 11111111
2021-10-13 11:47:37,553 INFO  TestCase.Login - TC04_Check_Incorrect_Password: Verify warning message not display after click on close button
2021-10-13 11:47:37,679 INFO  TestCase.Login - TC05_Login_Unpublish_Account: login un-publish account 
2021-10-13 11:47:40,255 INFO  TestCase.Login - TC05_Login_Unpublish_Account: Verify warning message not display after click on close button
2021-10-13 11:47:40,387 INFO  TestCase.Login - TC06_Verify_Clicking_On_goShop_Logo_Will_Open_Partner_Sign_In_Page: Click on goShop logo
2021-10-13 11:47:45,586 INFO  TestCase.Login - TC06_Verify_Clicking_On_goShop_Logo_Will_Open_Partner_Sign_In_Page: Verify partner page login is opened
2021-10-13 11:47:45,601 INFO  TestCase.Login - TC07_Verify_Login_Success: Login correct email & password
2021-10-13 11:47:46,753 INFO  TestCase.Login - TC07_Verify_Login_Success: Click on goShop logo
2021-10-13 11:48:06,747 INFO  TestCase.Login - TC01_Check_Email_Requirement: Verify tooltip alert display when user let Email empty
2021-10-13 11:48:06,911 INFO  TestCase.Login - TC01_Check_Email_Requirement: Verify incorrect email format 'text'
2021-10-13 11:48:08,013 INFO  TestCase.Login - TC01_Check_Email_Requirement: Verify incorrect email format 'text@'
2021-10-13 11:48:10,461 INFO  TestCase.Login - TC01_Check_Email_Requirement: Verify incorrect email format 'text@text'
2021-10-13 11:48:12,798 INFO  TestCase.Login - TC01_Check_Email_Requirement: Verify incorrect email format 'text@text.'
2021-10-13 11:48:15,086 INFO  TestCase.Login - TC01_Check_Email_Requirement: Verify incorrect email format 'text@text.text@'
2021-10-13 11:48:16,489 INFO  TestCase.Login - TC01_Check_Email_Requirement: Verify warning message not display after click on close button
2021-10-13 11:48:16,618 INFO  TestCase.Login - TC02_Check_PASSWORD_Requirement: Verify tooltip alert display when user let Email empty
2021-10-13 11:48:16,864 INFO  TestCase.Login - TC02_Check_PASSWORD_Requirement: Password less than 8 characters
2021-10-13 11:48:19,071 INFO  TestCase.Login - TC02_Check_PASSWORD_Requirement: Password less than 8 characters
2021-10-13 11:48:21,585 INFO  TestCase.Login - TC02_Check_PASSWORD_Requirement: Verify warning message not display after click on close button
2021-10-13 11:48:21,691 INFO  TestCase.Login - TC03_Check_Incorrect_Email: input email = qatest@gmail.com, password = 12345678
2021-10-13 11:48:24,060 INFO  TestCase.Login - TC03_Check_Incorrect_Email: Verify warning message not display after click on close button
2021-10-13 11:48:24,193 INFO  TestCase.Login - TC04_Check_Incorrect_Password: input email = khoatran852005@live.com, password = 11111111
2021-10-13 11:48:26,648 INFO  TestCase.Login - TC04_Check_Incorrect_Password: Verify warning message not display after click on close button
2021-10-13 11:48:26,736 INFO  TestCase.Login - TC05_Login_Unpublish_Account: login un-publish account 
2021-10-13 11:48:29,067 INFO  TestCase.Login - TC05_Login_Unpublish_Account: Verify warning message not display after click on close button
2021-10-13 11:48:29,179 INFO  TestCase.Login - TC06_Verify_Clicking_On_goShop_Logo_Will_Open_Partner_Sign_In_Page: Click on goShop logo
2021-10-13 11:48:39,942 INFO  TestCase.Login - TC01_Check_Email_Requirement: Verify tooltip alert display when user let Email empty
2021-10-13 11:48:40,124 INFO  TestCase.Login - TC01_Check_Email_Requirement: Verify incorrect email format 'text'
2021-10-13 11:48:41,098 INFO  TestCase.Login - TC01_Check_Email_Requirement: Verify incorrect email format 'text@'
2021-10-13 11:48:42,851 INFO  TestCase.Login - TC01_Check_Email_Requirement: Verify incorrect email format 'text@text'
2021-10-13 11:48:44,955 INFO  TestCase.Login - TC01_Check_Email_Requirement: Verify incorrect email format 'text@text.'
2021-10-13 11:48:47,169 INFO  TestCase.Login - TC01_Check_Email_Requirement: Verify incorrect email format 'text@text.text@'
2021-10-13 11:48:49,151 INFO  TestCase.Login - TC01_Check_Email_Requirement: Verify warning message not display after click on close button
2021-10-13 11:48:49,278 INFO  TestCase.Login - TC02_Check_PASSWORD_Requirement: Verify tooltip alert display when user let Email empty
2021-10-13 11:48:49,529 INFO  TestCase.Login - TC02_Check_PASSWORD_Requirement: Password less than 8 characters
2021-10-13 11:48:50,452 INFO  TestCase.Login - TC02_Check_PASSWORD_Requirement: Password less than 8 characters
2021-10-13 11:48:52,879 INFO  TestCase.Login - TC02_Check_PASSWORD_Requirement: Verify warning message not display after click on close button
2021-10-13 11:48:52,988 INFO  TestCase.Login - TC03_Check_Incorrect_Email: input email = qatest@gmail.com, password = 12345678
2021-10-13 11:48:55,444 INFO  TestCase.Login - TC03_Check_Incorrect_Email: Verify warning message not display after click on close button
2021-10-13 11:48:55,542 INFO  TestCase.Login - TC04_Check_Incorrect_Password: input email = khoatran852005@live.com, password = 11111111
2021-10-13 11:48:58,352 INFO  TestCase.Login - TC04_Check_Incorrect_Password: Verify warning message not display after click on close button
2021-10-13 11:48:58,442 INFO  TestCase.Login - TC05_Login_Unpublish_Account: login un-publish account 
2021-10-13 11:48:59,879 INFO  TestCase.Login - TC05_Login_Unpublish_Account: Verify warning message not display after click on close button
2021-10-13 11:48:59,977 INFO  TestCase.Login - TC06_Verify_Clicking_On_goShop_Logo_Will_Open_Partner_Sign_In_Page: Click on goShop logo
2021-10-13 11:49:03,408 INFO  TestCase.Login - TC06_Verify_Clicking_On_goShop_Logo_Will_Open_Partner_Sign_In_Page: Verify partner page login is opened
2021-10-13 11:49:03,425 INFO  TestCase.Login - TC07_Verify_Login_Success: Login correct email & password
2021-10-13 11:49:06,234 INFO  TestCase.Login - TC07_Verify_Login_Success: Click on goShop logo
2021-10-13 11:56:00,551 INFO  TestCase.Login - TC01_Check_Email_Requirement: Verify tooltip alert display when user let Email empty
2021-10-13 11:56:00,759 INFO  TestCase.Login - TC01_Check_Email_Requirement: Verify incorrect email format 'text'
2021-10-13 11:56:02,676 INFO  TestCase.Login - TC01_Check_Email_Requirement: Verify incorrect email format 'text@'
2021-10-13 11:56:04,973 INFO  TestCase.Login - TC01_Check_Email_Requirement: Verify incorrect email format 'text@text'
2021-10-13 11:56:07,263 INFO  TestCase.Login - TC01_Check_Email_Requirement: Verify incorrect email format 'text@text.'
2021-10-13 11:56:09,781 INFO  TestCase.Login - TC01_Check_Email_Requirement: Verify incorrect email format 'text@text.text@'
2021-10-13 11:56:10,892 INFO  TestCase.Login - TC01_Check_Email_Requirement: Verify warning message not display after click on close button
2021-10-13 11:56:10,993 INFO  TestCase.Login - TC02_Check_PASSWORD_Requirement: Verify tooltip alert display when user let Email empty
2021-10-13 11:56:11,323 INFO  TestCase.Login - TC02_Check_PASSWORD_Requirement: Password less than 8 characters
2021-10-13 11:56:13,164 INFO  TestCase.Login - TC02_Check_PASSWORD_Requirement: Password less than 8 characters
2021-10-13 11:56:15,668 INFO  TestCase.Login - TC02_Check_PASSWORD_Requirement: Verify warning message not display after click on close button
2021-10-13 11:56:15,828 INFO  TestCase.Login - TC03_Check_Incorrect_Email: input email = qatest@gmail.com, password = 12345678
2021-10-13 11:56:18,271 INFO  TestCase.Login - TC03_Check_Incorrect_Email: Verify warning message not display after click on close button
2021-10-13 11:56:18,369 INFO  TestCase.Login - TC04_Check_Incorrect_Password: input email = khoatran852005@live.com, password = 11111111
2021-10-13 11:56:20,668 INFO  TestCase.Login - TC04_Check_Incorrect_Password: Verify warning message not display after click on close button
2021-10-13 11:56:20,752 INFO  TestCase.Login - TC05_Login_Unpublish_Account: login un-publish account 
2021-10-13 11:56:23,173 INFO  TestCase.Login - TC05_Login_Unpublish_Account: Verify warning message not display after click on close button
2021-10-13 11:56:23,285 INFO  TestCase.Login - TC07_Verify_Login_Success: Login correct email & password
2021-10-13 11:56:27,198 INFO  TestCase.Login - TC07_Verify_Login_Success: Click on goShop logo
2021-10-13 11:56:52,323 INFO  TestCase.Login - TC01_Check_Email_Requirement: Verify tooltip alert display when user let Email empty
2021-10-13 11:56:52,498 INFO  TestCase.Login - TC02_Check_PASSWORD_Requirement: Verify tooltip alert display when user let Email empty
2021-10-13 11:56:52,726 INFO  TestCase.Login - TC02_Check_PASSWORD_Requirement: Password less than 8 characters
2021-10-13 11:56:54,583 INFO  TestCase.Login - TC02_Check_PASSWORD_Requirement: Password less than 8 characters
2021-10-13 11:56:56,971 INFO  TestCase.Login - TC02_Check_PASSWORD_Requirement: Verify warning message not display after click on close button
2021-10-13 11:56:57,089 INFO  TestCase.Login - TC03_Check_Incorrect_Email: input email = qatest@gmail.com, password = 12345678
2021-10-13 11:56:59,561 INFO  TestCase.Login - TC03_Check_Incorrect_Email: Verify warning message not display after click on close button
2021-10-13 11:56:59,657 INFO  TestCase.Login - TC04_Check_Incorrect_Password: input email = khoatran852005@live.com, password = 11111111
2021-10-13 11:57:02,469 INFO  TestCase.Login - TC04_Check_Incorrect_Password: Verify warning message not display after click on close button
2021-10-13 11:57:02,568 INFO  TestCase.Login - TC05_Login_Unpublish_Account: login un-publish account 
2021-10-13 11:57:04,807 INFO  TestCase.Login - TC05_Login_Unpublish_Account: Verify warning message not display after click on close button
2021-10-13 11:57:04,919 INFO  TestCase.Login - TC07_Verify_Login_Success: Login correct email & password
2021-10-13 11:58:53,319 INFO  TestCase.Login - TC01_Check_Email_Requirement: Verify tooltip alert display when user let Email empty
2021-10-13 11:58:53,529 INFO  TestCase.Login - TC02_Check_PASSWORD_Requirement: Verify tooltip alert display when user let Email empty
2021-10-13 11:58:53,757 INFO  TestCase.Login - TC02_Check_PASSWORD_Requirement: Password less than 8 characters
2021-10-13 11:58:54,899 INFO  TestCase.Login - TC02_Check_PASSWORD_Requirement: Password less than 8 characters
2021-10-13 11:58:56,263 INFO  TestCase.Login - TC02_Check_PASSWORD_Requirement: Verify warning message not display after click on close button
2021-10-13 11:58:56,365 INFO  TestCase.Login - TC03_Check_Incorrect_Email: input email = qatest@gmail.com, password = 12345678
2021-10-13 11:58:58,568 INFO  TestCase.Login - TC03_Check_Incorrect_Email: Verify warning message not display after click on close button
2021-10-13 11:58:58,713 INFO  TestCase.Login - TC04_Check_Incorrect_Password: input email = khoatran852005@live.com, password = 11111111
2021-10-13 11:59:01,471 INFO  TestCase.Login - TC04_Check_Incorrect_Password: Verify warning message not display after click on close button
2021-10-13 11:59:01,572 INFO  TestCase.Login - TC05_Login_Unpublish_Account: login un-publish account 
2021-10-13 11:59:03,962 INFO  TestCase.Login - TC05_Login_Unpublish_Account: Verify warning message not display after click on close button
2021-10-13 11:59:04,046 INFO  TestCase.Login - TC07_Verify_Login_Success: Login correct email & password
2021-10-13 11:59:07,760 INFO  TestCase.Login - TC07_Verify_Login_Success: Click on goShop logo
2021-10-13 12:01:34,673 INFO  TestCase.Login - TC01_Check_Email_Requirement: Verify tooltip alert display when user let Email empty
2021-10-13 12:04:21,615 INFO  TestCase.Login - TC01_Check_Email_Requirement: Verify tooltip alert display when user let Email empty
2021-10-13 13:54:10,855 INFO  TestCase.Login - TC01_Check_Email_Requirement: Verify tooltip alert display when user let Email empty
2021-10-13 13:55:23,256 INFO  TestCase.Login - TC01_Check_Email_Requirement: Verify tooltip alert display when user let Email empty
2021-10-13 13:55:23,466 INFO  TestCase.Login - TC01_Check_Email_Requirement: Verify incorrect email format 'text'
2021-10-13 13:55:24,216 INFO  TestCase.Login -  -------------------------- PASSED -------------------------- 
2021-10-13 13:55:24,216 INFO  TestCase.Login - TC01_Check_Email_Requirement: Verify incorrect email format 'text@'
2021-10-13 13:55:26,444 INFO  TestCase.Login -  -------------------------- PASSED -------------------------- 
2021-10-13 13:55:26,444 INFO  TestCase.Login - TC01_Check_Email_Requirement: Verify incorrect email format 'text@text'
2021-10-13 13:55:29,269 INFO  TestCase.Login -  -------------------------- PASSED -------------------------- 
2021-10-13 13:55:29,269 INFO  TestCase.Login - TC01_Check_Email_Requirement: Verify incorrect email format 'text@text.'
2021-10-13 13:55:31,865 INFO  TestCase.Login -  -------------------------- PASSED -------------------------- 
2021-10-13 13:55:31,865 INFO  TestCase.Login - TC01_Check_Email_Requirement: Verify incorrect email format 'text@text.text@'
2021-10-13 13:55:34,287 INFO  TestCase.Login -  -------------------------- PASSED -------------------------- 
2021-10-13 13:55:34,287 INFO  TestCase.Login - TC01_Check_Email_Requirement: Verify warning message not display after click on close button
2021-10-13 13:55:34,416 INFO  TestCase.Login -  -------------------------- PASSED -------------------------- 
2021-10-13 13:55:34,418 INFO  TestCase.Login - TC02_Check_PASSWORD_Requirement: Verify tooltip alert display when user let Email empty
2021-10-13 13:55:34,696 INFO  TestCase.Login -  -------------------------- PASSED -------------------------- 
2021-10-13 13:55:34,697 INFO  TestCase.Login - TC02_Check_PASSWORD_Requirement: Password less than 8 characters
2021-10-13 13:55:36,976 INFO  TestCase.Login -  -------------------------- PASSED -------------------------- 
2021-10-13 13:55:36,976 INFO  TestCase.Login - TC02_Check_PASSWORD_Requirement: Password less than 8 characters
2021-10-13 13:55:39,169 INFO  TestCase.Login -  -------------------------- PASSED -------------------------- 
2021-10-13 13:55:39,169 INFO  TestCase.Login - TC02_Check_PASSWORD_Requirement: Verify warning message not display after click on close button
2021-10-13 13:55:39,284 INFO  TestCase.Login -  -------------------------- PASSED -------------------------- 
2021-10-13 13:55:39,284 INFO  TestCase.Login - TC03_Check_Incorrect_Email: input email = qatest@gmail.com, password = 12345678
2021-10-13 13:55:41,451 INFO  TestCase.Login -  -------------------------- PASSED -------------------------- 
2021-10-13 13:55:41,451 INFO  TestCase.Login - TC03_Check_Incorrect_Email: Verify warning message not display after click on close button
2021-10-13 13:55:41,551 INFO  TestCase.Login -  -------------------------- PASSED -------------------------- 
2021-10-13 13:55:41,551 INFO  TestCase.Login - TC04_Check_Incorrect_Password: input email = khoatran852005@live.com, password = 11111111
2021-10-13 13:55:44,657 INFO  TestCase.Login -  -------------------------- PASSED -------------------------- 
2021-10-13 13:55:44,657 INFO  TestCase.Login - TC04_Check_Incorrect_Password: Verify warning message not display after click on close button
2021-10-13 13:55:44,820 INFO  TestCase.Login -  -------------------------- PASSED -------------------------- 
2021-10-13 13:55:44,820 INFO  TestCase.Login - TC05_Login_Unpublish_Account: login un-publish account 
2021-10-13 13:55:47,362 INFO  TestCase.Login -  -------------------------- PASSED -------------------------- 
2021-10-13 13:55:47,362 INFO  TestCase.Login - TC05_Login_Unpublish_Account: Verify warning message not display after click on close button
2021-10-13 13:55:47,458 INFO  TestCase.Login -  -------------------------- PASSED -------------------------- 
2021-10-13 13:55:47,459 INFO  TestCase.Login - TC06_Verify_Clicking_On_goShop_Logo_Will_Open_Partner_Sign_In_Page: Click on goShop logo
2021-10-13 13:55:52,465 INFO  TestCase.Login - TC06_Verify_Clicking_On_goShop_Logo_Will_Open_Partner_Sign_In_Page: Verify partner page login is opened
2021-10-13 13:55:52,479 INFO  TestCase.Login -  -------------------------- FAILED -------------------------- 
2021-10-13 13:55:52,482 INFO  TestCase.Login - TC07_Verify_Login_Success: Login correct email & password
2021-10-13 13:55:55,243 INFO  TestCase.Login - TC07_Verify_Login_Success: Click on goShop logo
2021-10-13 13:55:55,264 INFO  TestCase.Login -  -------------------------- FAILED -------------------------- 
2021-10-13 13:55:55,282 INFO  TestCase.Login -  -------------------------- FAILED -------------------------- 
2021-10-13 13:56:42,861 INFO  TestCase.Login - TC01_Check_Email_Requirement: Verify tooltip alert display when user let Email empty
2021-10-13 13:56:43,024 INFO  TestCase.Login - TC01_Check_Email_Requirement: Verify incorrect email format 'text'
2021-10-13 13:56:43,698 INFO  TestCase.Login -  -------------------------- PASSED -------------------------- 
2021-10-13 13:56:43,698 INFO  TestCase.Login - TC01_Check_Email_Requirement: Verify incorrect email format 'text@'
2021-10-13 13:56:44,503 INFO  TestCase.Login -  -------------------------- PASSED -------------------------- 
2021-10-13 13:56:44,503 INFO  TestCase.Login - TC01_Check_Email_Requirement: Verify incorrect email format 'text@text'
2021-10-13 13:56:45,220 INFO  TestCase.Login -  -------------------------- PASSED -------------------------- 
2021-10-13 13:56:45,221 INFO  TestCase.Login - TC01_Check_Email_Requirement: Verify incorrect email format 'text@text.'
2021-10-13 13:56:47,769 INFO  TestCase.Login -  -------------------------- PASSED -------------------------- 
2021-10-13 13:56:47,769 INFO  TestCase.Login - TC01_Check_Email_Requirement: Verify incorrect email format 'text@text.text@'
2021-10-13 13:56:49,880 INFO  TestCase.Login -  -------------------------- PASSED -------------------------- 
2021-10-13 13:56:49,880 INFO  TestCase.Login - TC01_Check_Email_Requirement: Verify warning message not display after click on close button
2021-10-13 13:56:50,010 INFO  TestCase.Login -  -------------------------- PASSED -------------------------- 
2021-10-13 13:56:50,012 INFO  TestCase.Login - TC02_Check_PASSWORD_Requirement: Verify tooltip alert display when user let Email empty
2021-10-13 13:56:50,272 INFO  TestCase.Login -  -------------------------- PASSED -------------------------- 
2021-10-13 13:56:50,272 INFO  TestCase.Login - TC02_Check_PASSWORD_Requirement: Password less than 8 characters
2021-10-13 13:56:53,467 INFO  TestCase.Login -  -------------------------- PASSED -------------------------- 
2021-10-13 13:56:53,468 INFO  TestCase.Login - TC02_Check_PASSWORD_Requirement: Password less than 8 characters
2021-10-13 13:56:55,573 INFO  TestCase.Login -  -------------------------- PASSED -------------------------- 
2021-10-13 13:56:55,573 INFO  TestCase.Login - TC02_Check_PASSWORD_Requirement: Verify warning message not display after click on close button
2021-10-13 13:56:55,719 INFO  TestCase.Login -  -------------------------- PASSED -------------------------- 
2021-10-13 13:56:55,719 INFO  TestCase.Login - TC03_Check_Incorrect_Email: input email = qatest@gmail.com, password = 12345678
2021-10-13 13:56:57,964 INFO  TestCase.Login -  -------------------------- PASSED -------------------------- 
2021-10-13 13:56:57,964 INFO  TestCase.Login - TC03_Check_Incorrect_Email: Verify warning message not display after click on close button
2021-10-13 13:56:58,047 INFO  TestCase.Login -  -------------------------- PASSED -------------------------- 
2021-10-13 13:56:58,047 INFO  TestCase.Login - TC04_Check_Incorrect_Password: input email = khoatran852005@live.com, password = 11111111
2021-10-13 13:57:01,153 INFO  TestCase.Login -  -------------------------- PASSED -------------------------- 
2021-10-13 13:57:01,153 INFO  TestCase.Login - TC04_Check_Incorrect_Password: Verify warning message not display after click on close button
2021-10-13 13:57:01,265 INFO  TestCase.Login -  -------------------------- PASSED -------------------------- 
2021-10-13 13:57:01,267 INFO  TestCase.Login - TC05_Login_Unpublish_Account: login un-publish account 
2021-10-13 13:57:03,359 INFO  TestCase.Login -  -------------------------- PASSED -------------------------- 
2021-10-13 13:57:03,360 INFO  TestCase.Login - TC05_Login_Unpublish_Account: Verify warning message not display after click on close button
2021-10-13 13:57:03,459 INFO  TestCase.Login -  -------------------------- PASSED -------------------------- 
2021-10-13 13:57:03,459 INFO  TestCase.Login - TC07_Verify_Login_Success: Login correct email & password
2021-10-13 13:57:07,900 INFO  TestCase.Login - TC07_Verify_Login_Success: Click on goShop logo
2021-10-13 13:57:07,916 INFO  TestCase.Login -  -------------------------- PASSED -------------------------- 
2021-10-13 13:57:07,934 INFO  TestCase.Login -  -------------------------- PASSED -------------------------- 
2021-10-13 16:01:40,620 INFO  TestCase.Login - TC07_Verify_Login_Success: Login correct email & password
2021-10-13 16:01:45,028 INFO  TestCase.Login - TC07_Verify_Login_Success: Click on goShop logo
2021-10-13 16:01:45,077 INFO  TestCase.Login -  -------------------------- PASSED -------------------------- 
2021-10-13 16:01:45,126 INFO  TestCase.Login -  -------------------------- PASSED -------------------------- 
2021-10-13 16:13:42,811 INFO  TestCase.Login - TC07_Verify_Login_Success: Login correct email & password
2021-10-13 16:13:47,535 INFO  TestCase.Login - TC07_Verify_Login_Success: Click on goShop logo
2021-10-13 16:13:47,547 INFO  TestCase.Login -  -------------------------- PASSED -------------------------- 
2021-10-13 16:13:47,556 INFO  TestCase.Login -  -------------------------- PASSED -------------------------- 
2021-10-13 16:21:36,925 INFO  TestCase.Login - TC07_Verify_Login_Success: Login correct email & password
2021-10-13 16:21:41,747 INFO  TestCase.Login - TC07_Verify_Login_Success: Click on goShop logo
2021-10-13 16:22:22,879 INFO  TestCase.Login - TC07_Verify_Login_Success: Login correct email & password
2021-10-13 16:22:27,050 INFO  TestCase.Login - TC07_Verify_Login_Success: Click on goShop logo
2021-10-13 16:22:27,069 INFO  TestCase.Login -  -------------------------- PASSED -------------------------- 
2021-10-13 16:22:27,087 INFO  TestCase.Login -  -------------------------- PASSED -------------------------- 
2021-10-13 16:22:30,260 INFO  TestCase.Login - TC08_Verify_Remember_Me_Button: login account with remember me function
2021-10-13 16:28:22,506 INFO  TestCase.Login - TC07_Verify_Login_Success: Login correct email & password
2021-10-13 16:28:26,632 INFO  TestCase.Login - TC07_Verify_Login_Success: Click on goShop logo
2021-10-13 16:28:26,644 INFO  TestCase.Login -  -------------------------- PASSED -------------------------- 
2021-10-13 16:28:26,672 INFO  TestCase.Login -  -------------------------- PASSED -------------------------- 
2021-10-13 16:28:29,466 INFO  TestCase.Login - TC08_Verify_Remember_Me_Button: login account with remember me function
2021-10-13 16:28:33,569 INFO  TestCase.Login -  -------------------------- PASSED -------------------------- 
2021-10-13 16:28:33,569 INFO  TestCase.Login - TC08_Verify_Remember_Me_Button: Logout account
2021-10-13 16:28:36,463 INFO  TestCase.Login -  -------------------------- FAILED -------------------------- 
2021-10-13 16:28:48,334 INFO  TestCase.Login - TC07_Verify_Login_Success: Login correct email & password
2021-10-13 16:28:49,523 INFO  TestCase.Login - TC07_Verify_Login_Success: Click on goShop logo
2021-10-13 16:28:49,538 INFO  TestCase.Login -  -------------------------- PASSED -------------------------- 
2021-10-13 16:28:49,546 INFO  TestCase.Login -  -------------------------- PASSED -------------------------- 
2021-10-13 16:28:53,238 INFO  TestCase.Login - TC08_Verify_Remember_Me_Button: login account with remember me function
2021-10-13 16:28:57,176 INFO  TestCase.Login -  -------------------------- PASSED -------------------------- 
2021-10-13 16:28:57,176 INFO  TestCase.Login - TC08_Verify_Remember_Me_Button: Logout account
2021-10-13 16:28:58,392 INFO  TestCase.Login -  -------------------------- FAILED -------------------------- 
2021-10-13 16:50:56,613 INFO  TestCase.Login - TC07_Verify_Login_Success: Login correct email & password
2021-10-13 16:51:00,442 INFO  TestCase.Login - TC07_Verify_Login_Success: Click on goShop logo
2021-10-13 16:51:00,467 INFO  TestCase.Login -  -------------------------- PASSED -------------------------- 
2021-10-13 16:51:00,483 INFO  TestCase.Login -  -------------------------- PASSED -------------------------- 
2021-10-13 16:51:29,500 INFO  TestCase.Login - TC07_Verify_Login_Success: Login correct email & password
2021-10-13 16:51:31,195 INFO  TestCase.Login - TC07_Verify_Login_Success: Click on goShop logo
2021-10-13 16:51:31,216 INFO  TestCase.Login -  -------------------------- PASSED -------------------------- 
2021-10-13 16:51:31,232 INFO  TestCase.Login -  -------------------------- PASSED -------------------------- 
2021-10-13 16:51:34,056 INFO  TestCase.Login - TC08_Verify_Remember_Me_Button: login account with remember me function
2021-10-13 16:53:09,611 INFO  TestCase.Login - TC07_Verify_Login_Success: Login correct email & password
2021-10-13 16:53:12,052 INFO  TestCase.Login - TC07_Verify_Login_Success: Click on goShop logo
2021-10-13 16:53:12,065 INFO  TestCase.Login -  -------------------------- PASSED -------------------------- 
2021-10-13 16:53:12,083 INFO  TestCase.Login -  -------------------------- PASSED -------------------------- 
2021-10-13 16:53:13,197 INFO  TestCase.Login - TC08_Verify_Remember_Me_Button: login account with remember me function
2021-10-13 16:53:52,011 INFO  TestCase.Login -  -------------------------- PASSED -------------------------- 
2021-10-13 16:53:52,011 INFO  TestCase.Login - TC08_Verify_Remember_Me_Button: Logout account
2021-10-13 16:53:53,347 INFO  TestCase.Login -  -------------------------- FAILED -------------------------- 
2021-10-13 17:12:31,011 INFO  TestCase.Login - TC01_Check_Email_Requirement: Verify tooltip alert display when user let Email empty
2021-10-13 17:12:31,189 INFO  TestCase.Login - TC01_Check_Email_Requirement: Verify incorrect email format 'text'
2021-10-13 17:12:33,785 INFO  TestCase.Login -  -------------------------- PASSED -------------------------- 
2021-10-13 17:12:33,785 INFO  TestCase.Login - TC01_Check_Email_Requirement: Verify incorrect email format 'text@'
2021-10-13 17:12:36,678 INFO  TestCase.Login -  -------------------------- PASSED -------------------------- 
2021-10-13 17:12:36,678 INFO  TestCase.Login - TC01_Check_Email_Requirement: Verify incorrect email format 'text@text'
2021-10-13 17:12:39,462 INFO  TestCase.Login -  -------------------------- PASSED -------------------------- 
2021-10-13 17:12:39,462 INFO  TestCase.Login - TC01_Check_Email_Requirement: Verify incorrect email format 'text@text.'
2021-10-13 17:12:42,761 INFO  TestCase.Login -  -------------------------- PASSED -------------------------- 
2021-10-13 17:12:42,762 INFO  TestCase.Login - TC01_Check_Email_Requirement: Verify incorrect email format 'text@text.text@'
2021-10-13 17:12:45,189 INFO  TestCase.Login -  -------------------------- PASSED -------------------------- 
2021-10-13 17:12:45,189 INFO  TestCase.Login - TC01_Check_Email_Requirement: Verify warning message not display after click on close button
2021-10-13 17:12:47,351 INFO  TestCase.Login -  -------------------------- PASSED -------------------------- 
2021-10-13 17:12:47,351 INFO  TestCase.Login - TC02_Check_PASSWORD_Requirement: Verify tooltip alert display when user let Email empty
2021-10-13 17:12:47,603 INFO  TestCase.Login -  -------------------------- PASSED -------------------------- 
2021-10-13 17:12:47,603 INFO  TestCase.Login - TC02_Check_PASSWORD_Requirement: Password less than 8 characters
2021-10-13 17:12:49,190 INFO  TestCase.Login -  -------------------------- PASSED -------------------------- 
2021-10-13 17:12:49,190 INFO  TestCase.Login - TC02_Check_PASSWORD_Requirement: Password less than 8 characters
2021-10-13 17:12:52,667 INFO  TestCase.Login -  -------------------------- PASSED -------------------------- 
2021-10-13 17:12:52,667 INFO  TestCase.Login - TC02_Check_PASSWORD_Requirement: Verify warning message not display after click on close button
2021-10-13 17:12:54,752 INFO  TestCase.Login -  -------------------------- PASSED -------------------------- 
2021-10-13 17:12:54,752 INFO  TestCase.Login - TC03_Check_Incorrect_Email: input email = qatest@gmail.com, password = 12345678
2021-10-13 17:12:57,576 INFO  TestCase.Login -  -------------------------- PASSED -------------------------- 
2021-10-13 17:12:57,576 INFO  TestCase.Login - TC03_Check_Incorrect_Email: Verify warning message not display after click on close button
2021-10-13 17:12:59,726 INFO  TestCase.Login -  -------------------------- PASSED -------------------------- 
2021-10-13 17:12:59,726 INFO  TestCase.Login - TC04_Check_Incorrect_Password: input email = khoatran852005@live.com, password = 11111111
2021-10-13 17:13:01,213 INFO  TestCase.Login -  -------------------------- PASSED -------------------------- 
2021-10-13 17:13:01,213 INFO  TestCase.Login - TC04_Check_Incorrect_Password: Verify warning message not display after click on close button
2021-10-13 17:13:03,322 INFO  TestCase.Login -  -------------------------- PASSED -------------------------- 
2021-10-13 17:13:03,322 INFO  TestCase.Login - TC05_Login_Unpublish_Account: login un-publish account 
2021-10-13 17:13:06,090 INFO  TestCase.Login -  -------------------------- PASSED -------------------------- 
2021-10-13 17:13:06,090 INFO  TestCase.Login - TC05_Login_Unpublish_Account: Verify warning message not display after click on close button
2021-10-13 17:13:08,222 INFO  TestCase.Login -  -------------------------- PASSED -------------------------- 
2021-10-13 17:13:08,222 INFO  TestCase.Login - TC07_Verify_Login_Success: Login correct email & password
2021-10-13 17:13:12,399 INFO  TestCase.Login - TC07_Verify_Login_Success: Click on goShop logo
2021-10-13 17:13:12,423 INFO  TestCase.Login -  -------------------------- PASSED -------------------------- 
2021-10-13 17:13:12,432 INFO  TestCase.Login -  -------------------------- PASSED -------------------------- 
2021-10-13 17:45:36,887 INFO  TestCase.Dashboard - Precondition: Login account
2021-10-13 17:47:14,801 INFO  TestCase.Dashboard - Precondition: Login account
2021-10-13 17:47:45,764 INFO  TestCase.Dashboard - Precondition: Login account
2021-10-13 17:48:15,395 INFO  TestCase.Dashboard - Precondition: Login account
2021-10-13 17:54:12,723 INFO  TestCase.Dashboard - Precondition: Login account
2021-10-13 17:55:14,324 INFO  TestCase.Dashboard - Precondition: Login account
2021-10-14 09:55:46,774 INFO  TestCase.Dashboard - Precondition: Login account
2021-10-14 09:56:16,019 INFO  TestCase.Dashboard - Precondition: Login account
2021-10-14 09:56:39,459 INFO  TestCase.Dashboard - Precondition: Login account
2021-10-14 10:00:15,925 INFO  TestCase.Dashboard - Precondition: Login account
2021-10-14 10:03:39,379 INFO  TestCase.Dashboard - Precondition: Login account
2021-10-14 10:03:59,482 INFO  TestCase.Dashboard - Precondition: Login account
2021-10-14 10:04:24,090 INFO  TestCase.Dashboard - Precondition: Login account
2021-10-14 10:08:41,459 INFO  TestCase.Dashboard - Precondition: Login account
2021-10-14 10:12:42,905 INFO  TestCase.Dashboard - Precondition: Login account
2021-10-14 10:13:06,900 INFO  TestCase.Dashboard - Precondition: Login account
2021-10-14 10:14:41,573 INFO  TestCase.Dashboard - Precondition: Login account
2021-10-14 10:15:21,891 INFO  TestCase.Dashboard - Precondition: Login account
2021-10-14 10:17:30,560 INFO  TestCase.Dashboard - Precondition: Login account
2021-10-14 10:19:01,150 INFO  TestCase.Dashboard - Precondition: Login account
2021-10-14 12:57:44,815 INFO  TestCase.Dashboard - Precondition: Login account
2021-10-14 12:58:27,218 INFO  TestCase.Dashboard - Precondition: Login account
2021-10-14 12:59:19,419 INFO  TestCase.Dashboard - Precondition: Login account
2021-10-14 13:08:35,257 INFO  TestCase.Dashboard - Precondition: Login account
2021-10-14 13:09:40,407 INFO  TestCase.Dashboard - Precondition: Login account
2021-10-14 13:10:24,073 INFO  TestCase.Dashboard - Precondition: Login account
2021-10-14 13:10:50,576 INFO  TestCase.Dashboard - Precondition: Login account
2021-10-14 13:45:06,634 INFO  TestCase.Dashboard - Precondition: Login account
2021-10-14 13:45:48,800 INFO  TestCase.Dashboard - Precondition: Login account
2021-10-14 13:46:07,941 INFO  TestCase.Dashboard - Precondition: Login account
2021-10-14 15:14:11,322 INFO  TestCase.Dashboard - Precondition: Login account
2021-10-14 15:23:59,834 INFO  TestCase.Dashboard - Precondition: Login account
2021-10-14 15:25:10,401 INFO  TestCase.Dashboard - Precondition: Login account
2021-10-14 15:26:42,373 INFO  TestCase.Dashboard - Precondition: Login account
2021-10-14 15:28:21,728 INFO  TestCase.Dashboard - Precondition: Login account
2021-10-14 15:29:57,981 INFO  TestCase.Dashboard - Precondition: Login account
2021-10-14 15:31:05,228 INFO  TestCase.Dashboard - Precondition: Login account
2021-10-14 15:34:08,631 INFO  TestCase.Dashboard - Precondition: Login account
2021-10-14 15:48:56,966 INFO  TestCase.Dashboard - Precondition: Login account
2021-10-14 15:49:30,189 INFO  TestCase.Dashboard - Precondition: Login account
2021-10-14 15:51:35,815 INFO  TestCase.Dashboard - Precondition: Login account
2021-10-14 15:52:24,348 INFO  TestCase.Dashboard - Precondition: Login account
2021-10-14 15:56:24,374 INFO  TestCase.Dashboard - Precondition: Login account
2021-10-14 16:04:20,591 INFO  TestCase.Dashboard - Precondition: Login account
2021-10-14 16:15:39,019 INFO  TestCase.Dashboard - Precondition: Login account
2021-10-14 16:16:12,320 INFO  TestCase.Dashboard - Precondition: Login account
2021-10-14 16:17:45,621 INFO  TestCase.Dashboard - Precondition: Login account
2021-10-14 16:18:50,786 INFO  TestCase.Dashboard - Precondition: Login account
2021-10-14 16:35:34,445 INFO  TestCase.Dashboard - Precondition: Login account
2021-10-14 16:36:20,591 INFO  TestCase.Dashboard - Precondition: Login account
2021-10-14 16:37:58,264 INFO  TestCase.Dashboard - Precondition: Login account
2021-10-14 16:50:30,947 INFO  TestCase.Dashboard - Precondition: Login account
2021-10-14 16:51:05,104 INFO  TestCase.Dashboard - Precondition: Login account
2021-10-14 16:52:51,040 INFO  TestCase.Dashboard - Precondition: Login account
2021-10-14 16:53:21,458 INFO  TestCase.Dashboard - Precondition: Login account
2021-10-14 18:01:05,365 INFO  TestCase.ProfilePage - Precondition : Login partner account
2021-10-14 18:01:08,779 INFO  TestCase.ProfilePage - TC01_Verify_Profile_Page_Is_Opened: Click to profile icon
2021-10-14 18:01:11,971 INFO  TestCase.ProfilePage - TC01_Verify_Profile_Page_Is_Opened: Verify profile page is opened
2021-10-14 18:01:11,996 INFO  TestCase.ProfilePage -  -------------------------- PASSED -------------------------- 
2021-10-14 18:01:12,023 INFO  TestCase.ProfilePage -  -------------------------- PASSED -------------------------- 
2021-10-14 18:01:12,039 INFO  TestCase.ProfilePage -  -------------------------- PASSED -------------------------- 
2021-10-15 09:48:54,198 INFO  TestCase.ProfilePage - Precondition : Login partner account
2021-10-15 09:48:58,624 INFO  TestCase.ProfilePage - TC01_Verify_Profile_Page_Is_Opened: Click to profile icon
2021-10-15 09:49:01,552 INFO  TestCase.ProfilePage - TC01_Verify_Profile_Page_Is_Opened: Verify profile page is opened
2021-10-15 09:49:01,580 INFO  TestCase.ProfilePage -  -------------------------- PASSED -------------------------- 
2021-10-15 09:49:01,608 INFO  TestCase.ProfilePage -  -------------------------- PASSED -------------------------- 
2021-10-15 09:49:01,622 INFO  TestCase.ProfilePage -  -------------------------- PASSED -------------------------- 
2021-10-15 09:49:36,448 INFO  TestCase.Dashboard - Precondition: Login account
2021-10-15 09:50:09,163 INFO  TestCase.Dashboard - Precondition: Login account
2021-10-15 09:50:28,700 INFO  TestCase.Dashboard -  -------------------------- FAILED -------------------------- 
2021-10-15 09:52:50,020 INFO  TestCase.Dashboard - Precondition: Login account
2021-10-15 09:53:04,449 INFO  TestCase.Dashboard -  -------------------------- FAILED -------------------------- 
2021-10-15 09:53:04,449 INFO  TestCase.Dashboard -  -------------------------- FAILED -------------------------- 
2021-10-15 09:55:19,232 INFO  TestCase.Dashboard - Precondition: Login account
2021-10-15 09:56:07,927 INFO  TestCase.Dashboard - Precondition: Login account
2021-10-15 09:58:33,175 INFO  TestCase.Dashboard - Precondition: Login account
2021-10-15 09:58:51,190 INFO  TestCase.Dashboard -  -------------------------- FAILED -------------------------- 
2021-10-15 09:58:51,191 INFO  TestCase.Dashboard -  -------------------------- FAILED -------------------------- 
2021-10-15 09:59:09,782 INFO  TestCase.Dashboard - Precondition: Login account
2021-10-15 09:59:33,890 INFO  TestCase.Dashboard -  -------------------------- FAILED -------------------------- 
2021-10-15 09:59:33,891 INFO  TestCase.Dashboard -  -------------------------- FAILED -------------------------- 
2021-10-15 09:59:48,315 INFO  TestCase.Dashboard - Precondition: Login account
2021-10-15 10:00:17,147 INFO  TestCase.Dashboard -  -------------------------- FAILED -------------------------- 
2021-10-15 10:00:17,149 INFO  TestCase.Dashboard -  -------------------------- FAILED -------------------------- 
2021-10-15 10:00:36,323 INFO  TestCase.Dashboard -  -------------------------- FAILED -------------------------- 
2021-10-15 10:00:36,323 INFO  TestCase.Dashboard -  -------------------------- FAILED -------------------------- 
2021-10-15 10:03:43,899 INFO  TestCase.Dashboard - Precondition: Login account
2021-10-15 10:04:16,904 INFO  TestCase.Dashboard -  -------------------------- FAILED -------------------------- 
2021-10-15 10:04:16,904 INFO  TestCase.Dashboard -  -------------------------- PASSED -------------------------- 
2021-10-15 10:04:37,488 INFO  TestCase.Dashboard -  -------------------------- FAILED -------------------------- 
2021-10-15 10:04:37,488 INFO  TestCase.Dashboard -  -------------------------- PASSED -------------------------- 
2021-10-15 10:05:18,682 INFO  TestCase.Dashboard - Precondition: Login account
2021-10-15 10:05:49,959 INFO  TestCase.Dashboard -  -------------------------- PASSED -------------------------- 
2021-10-15 10:06:11,483 INFO  TestCase.Dashboard -  -------------------------- PASSED -------------------------- 
2021-10-15 10:10:59,429 INFO  TestCase.Dashboard - Precondition: Login account
2021-10-15 10:11:34,291 INFO  TestCase.Dashboard - Precondition: Login account
2021-10-15 10:22:48,746 INFO  TestCase.Dashboard - Precondition: Login account
2021-10-15 10:30:38,243 INFO  TestCase.Dashboard - Precondition: Login account
2021-10-15 10:32:20,479 INFO  TestCase.Dashboard - Precondition: Login account
2021-10-15 10:39:21,984 INFO  TestCase.Dashboard - Precondition: Login account
2021-10-15 10:41:35,868 INFO  TestCase.Dashboard - Precondition: Login account
2021-10-15 10:41:58,303 INFO  TestCase.Dashboard -  -------------------------- FAILED -------------------------- 
2021-10-15 10:42:09,706 INFO  TestCase.Dashboard -  -------------------------- FAILED -------------------------- 
2021-10-15 10:43:04,797 INFO  TestCase.Dashboard - Precondition: Login account
2021-10-15 10:43:29,361 INFO  TestCase.Dashboard -  -------------------------- FAILED -------------------------- 
2021-10-15 10:43:44,220 INFO  TestCase.Dashboard -  -------------------------- FAILED -------------------------- 
2021-10-15 10:45:08,558 INFO  TestCase.Dashboard - Precondition: Login account
2021-10-15 10:45:37,667 INFO  TestCase.Dashboard -  -------------------------- FAILED -------------------------- 
2021-10-15 10:45:51,222 INFO  TestCase.Dashboard -  -------------------------- PASSED -------------------------- 
2021-10-15 10:47:26,951 INFO  TestCase.Dashboard - Precondition: Login account
2021-10-15 10:47:57,571 INFO  TestCase.Dashboard -  -------------------------- FAILED -------------------------- 
2021-10-15 10:48:13,389 INFO  TestCase.Dashboard -  -------------------------- PASSED -------------------------- 
2021-10-15 10:54:28,662 INFO  TestCase.Dashboard - Precondition: Login account
2021-10-15 10:55:17,551 INFO  TestCase.Dashboard - Precondition: Login account
2021-10-15 10:55:46,258 INFO  TestCase.Dashboard -  -------------------------- FAILED -------------------------- 
2021-10-15 10:55:58,750 INFO  TestCase.Dashboard -  -------------------------- PASSED -------------------------- 
2021-10-15 11:50:43,534 INFO  TestCase.Dashboard - Precondition: Login account
2021-10-15 11:51:07,798 INFO  TestCase.Dashboard -  -------------------------- FAILED -------------------------- 
2021-10-15 11:51:22,726 INFO  TestCase.Dashboard -  -------------------------- FAILED -------------------------- 
2021-10-15 11:51:36,009 INFO  TestCase.Dashboard -  -------------------------- FAILED -------------------------- 
2021-10-15 11:51:48,980 INFO  TestCase.Dashboard -  -------------------------- FAILED -------------------------- 
2021-10-15 11:52:01,794 INFO  TestCase.Dashboard -  -------------------------- FAILED -------------------------- 
2021-10-15 11:52:17,504 INFO  TestCase.Dashboard -  -------------------------- FAILED -------------------------- 
2021-10-15 11:52:30,307 INFO  TestCase.Dashboard -  -------------------------- FAILED -------------------------- 
2021-10-15 11:52:44,582 INFO  TestCase.Dashboard -  -------------------------- FAILED -------------------------- 
2021-10-15 11:52:57,703 INFO  TestCase.Dashboard -  -------------------------- FAILED -------------------------- 
2021-10-15 11:53:09,328 INFO  TestCase.Dashboard -  -------------------------- FAILED -------------------------- 
2021-10-15 11:53:21,012 INFO  TestCase.Dashboard -  -------------------------- FAILED -------------------------- 
2021-10-15 11:56:35,507 INFO  TestCase.Dashboard - Precondition: Login account
2021-10-15 11:57:58,505 INFO  TestCase.Dashboard - Precondition: Login account
2021-10-15 12:00:02,187 INFO  TestCase.Dashboard - Precondition: Login account
2021-10-15 12:02:32,396 INFO  TestCase.Dashboard - Precondition: Login account
2021-10-15 12:33:01,687 INFO  TestCase.Dashboard - Precondition: Login account
2021-10-15 12:36:29,337 INFO  TestCase.Dashboard - Precondition: Login account
2021-10-15 12:36:59,346 INFO  TestCase.Dashboard - Precondition: Login account
2021-10-15 12:37:35,930 INFO  TestCase.Dashboard - Precondition: Login account
2021-10-15 12:38:12,742 INFO  TestCase.Dashboard - Precondition: Login account
2021-10-15 12:40:23,975 INFO  TestCase.Dashboard - Precondition: Login account
2021-10-15 12:41:28,239 INFO  TestCase.Dashboard - Precondition: Login account
2021-10-15 12:41:52,284 INFO  TestCase.Dashboard -  -------------------------- PASSED -------------------------- 
2021-10-15 12:42:05,669 INFO  TestCase.Dashboard -  -------------------------- PASSED -------------------------- 
2021-10-15 12:42:42,377 INFO  TestCase.Dashboard - Precondition: Login account
2021-10-15 12:43:07,373 INFO  TestCase.Dashboard -  -------------------------- PASSED -------------------------- 
2021-10-15 12:43:19,421 INFO  TestCase.Dashboard -  -------------------------- PASSED -------------------------- 
2021-10-15 12:45:22,621 INFO  TestCase.Dashboard - Precondition: Login account
2021-10-15 12:45:53,851 INFO  TestCase.Dashboard -  -------------------------- PASSED -------------------------- 
2021-10-15 12:46:04,635 INFO  TestCase.Dashboard -  -------------------------- PASSED -------------------------- 
2021-10-15 13:01:33,688 INFO  TestCase.Dashboard - Precondition: Login account
2021-10-15 13:02:49,948 INFO  TestCase.Dashboard - Precondition: Login account
2021-10-15 13:03:19,600 INFO  TestCase.Dashboard -  -------------------------- PASSED -------------------------- 
2021-10-15 13:03:29,982 INFO  TestCase.Dashboard -  -------------------------- PASSED -------------------------- 
2021-10-15 13:12:18,469 INFO  TestCase.Dashboard - Precondition: Login account
2021-10-15 13:12:48,230 INFO  TestCase.Dashboard -  -------------------------- PASSED -------------------------- 
2021-10-15 13:12:58,150 INFO  TestCase.Dashboard -  -------------------------- PASSED -------------------------- 
2021-10-15 13:26:48,482 INFO  TestCase.Dashboard - Precondition: Login account
2021-10-15 13:27:18,842 INFO  TestCase.Dashboard -  -------------------------- PASSED -------------------------- 
2021-10-15 13:27:29,493 INFO  TestCase.Dashboard -  -------------------------- PASSED -------------------------- 
2021-10-15 13:32:35,503 INFO  TestCase.Dashboard - Precondition: Login account
2021-10-15 13:32:55,652 INFO  TestCase.Dashboard -  -------------------------- PASSED -------------------------- 
2021-10-15 13:32:59,508 INFO  TestCase.Dashboard -  -------------------------- PASSED -------------------------- 
2021-10-15 13:36:08,783 INFO  TestCase.Dashboard - Precondition: Login account
2021-10-15 13:36:29,962 INFO  TestCase.Dashboard -  -------------------------- PASSED -------------------------- 
2021-10-15 13:36:33,452 INFO  TestCase.Dashboard -  -------------------------- PASSED -------------------------- 
2021-10-15 14:08:05,786 INFO  TestCase.Dashboard - Precondition: Login account
2021-10-15 14:08:36,328 INFO  TestCase.ProfilePage - Precondition : Login partner account
2021-10-15 14:08:43,556 INFO  TestCase.ProfilePage - TC01_Verify_Profile_Page_Is_Opened: Click to profile icon
2021-10-15 14:08:46,642 INFO  TestCase.ProfilePage - TC01_Verify_Profile_Page_Is_Opened: Verify profile page is opened
2021-10-15 14:08:46,667 INFO  TestCase.ProfilePage -  -------------------------- PASSED -------------------------- 
2021-10-15 14:08:46,680 INFO  TestCase.ProfilePage -  -------------------------- PASSED -------------------------- 
2021-10-15 14:08:46,696 INFO  TestCase.ProfilePage -  -------------------------- PASSED -------------------------- 
2021-10-15 14:08:46,697 INFO  TestCase.ProfilePage - TC02_Verify_Password_Format_Requirements: Verify Change Password page display
2021-10-15 14:08:48,623 INFO  TestCase.ProfilePage -  -------------------------- PASSED -------------------------- 
2021-10-15 14:08:48,628 INFO  TestCase.ProfilePage -  -------------------------- PASSED -------------------------- 
2021-10-15 14:08:48,628 INFO  TestCase.ProfilePage - TC02_Verify_Password_Format_Requirements: Verify Current password empty
2021-10-15 14:08:50,308 INFO  TestCase.ProfilePage -  -------------------------- FAILED -------------------------- 
2021-10-15 14:08:50,309 INFO  TestCase.ProfilePage - TC02_Verify_Password_Format_Requirements: Verify Current password length require
2021-10-15 14:08:54,528 INFO  TestCase.ProfilePage -  -------------------------- FAILED -------------------------- 
2021-10-15 14:08:54,528 INFO  TestCase.ProfilePage - TC02_Verify_Password_Format_Requirements: Verify incorrect Current password input
2021-10-15 14:08:58,472 INFO  TestCase.ProfilePage -  -------------------------- FAILED -------------------------- 
2021-10-15 14:08:58,472 INFO  TestCase.ProfilePage - TC02_Verify_Password_Format_Requirements: Verify New Password empty
2021-10-15 14:09:02,019 INFO  TestCase.ProfilePage -  -------------------------- PASSED -------------------------- 
2021-10-15 14:09:02,048 INFO  TestCase.ProfilePage -  -------------------------- PASSED -------------------------- 
2021-10-15 14:09:02,048 INFO  TestCase.ProfilePage - TC02_Verify_Password_Format_Requirements: Verify New Password length require
2021-10-15 14:09:06,682 INFO  TestCase.ProfilePage -  -------------------------- PASSED -------------------------- 
2021-10-15 14:09:06,708 INFO  TestCase.ProfilePage -  -------------------------- PASSED -------------------------- 
2021-10-15 14:09:06,708 INFO  TestCase.ProfilePage - TC02_Verify_Password_Format_Requirements: Verify Confirm Password empty
2021-10-15 14:09:09,753 INFO  TestCase.ProfilePage -  -------------------------- FAILED -------------------------- 
2021-10-15 14:09:09,753 INFO  TestCase.ProfilePage - TC02_Verify_Password_Format_Requirements: Verify Confirm Password length require
2021-10-15 14:09:11,478 INFO  TestCase.ProfilePage -  -------------------------- PASSED -------------------------- 
2021-10-15 14:09:11,504 INFO  TestCase.ProfilePage -  -------------------------- PASSED -------------------------- 
2021-10-15 14:09:11,504 INFO  TestCase.ProfilePage - TC02_Verify_Password_Format_Requirements: Verify Confirm Password is not match
2021-10-15 14:09:15,299 INFO  TestCase.ProfilePage -  -------------------------- PASSED -------------------------- 
2021-10-15 14:12:36,285 INFO  TestCase.ProfilePage - Precondition : Login partner account
2021-10-15 14:12:44,971 INFO  TestCase.ProfilePage - TC01_Verify_Profile_Page_Is_Opened: Click to profile icon
2021-10-15 14:12:47,766 INFO  TestCase.ProfilePage - TC01_Verify_Profile_Page_Is_Opened: Verify profile page is opened
2021-10-15 14:12:47,789 INFO  TestCase.ProfilePage -  -------------------------- PASSED -------------------------- 
2021-10-15 14:12:47,815 INFO  TestCase.ProfilePage -  -------------------------- PASSED -------------------------- 
2021-10-15 14:12:47,829 INFO  TestCase.ProfilePage -  -------------------------- PASSED -------------------------- 
2021-10-15 14:12:47,832 INFO  TestCase.ProfilePage - TC02_Verify_Password_Format_Requirements: Verify Change Password page display
2021-10-15 14:12:49,775 INFO  TestCase.ProfilePage -  -------------------------- PASSED -------------------------- 
2021-10-15 14:12:49,779 INFO  TestCase.ProfilePage -  -------------------------- PASSED -------------------------- 
2021-10-15 14:12:49,779 INFO  TestCase.ProfilePage - TC02_Verify_Password_Format_Requirements: Verify Current password empty
2021-10-15 14:12:55,990 INFO  TestCase.ProfilePage -  -------------------------- PASSED -------------------------- 
2021-10-15 14:12:55,991 INFO  TestCase.ProfilePage - TC02_Verify_Password_Format_Requirements: Verify Current password length require
2021-10-15 14:13:01,307 INFO  TestCase.ProfilePage -  -------------------------- PASSED -------------------------- 
2021-10-15 14:13:01,307 INFO  TestCase.ProfilePage - TC02_Verify_Password_Format_Requirements: Verify incorrect Current password input
2021-10-15 14:13:07,647 INFO  TestCase.ProfilePage -  -------------------------- PASSED -------------------------- 
2021-10-15 14:13:07,647 INFO  TestCase.ProfilePage - TC02_Verify_Password_Format_Requirements: Verify New Password empty
2021-10-15 14:13:11,823 INFO  TestCase.ProfilePage -  -------------------------- PASSED -------------------------- 
2021-10-15 14:13:11,847 INFO  TestCase.ProfilePage -  -------------------------- PASSED -------------------------- 
2021-10-15 14:13:11,847 INFO  TestCase.ProfilePage - TC02_Verify_Password_Format_Requirements: Verify New Password length require
2021-10-15 14:13:15,818 INFO  TestCase.ProfilePage -  -------------------------- PASSED -------------------------- 
2021-10-15 14:13:15,844 INFO  TestCase.ProfilePage -  -------------------------- PASSED -------------------------- 
2021-10-15 14:13:15,844 INFO  TestCase.ProfilePage - TC02_Verify_Password_Format_Requirements: Verify Confirm Password empty
2021-10-15 14:13:19,573 INFO  TestCase.ProfilePage -  -------------------------- PASSED -------------------------- 
2021-10-15 14:13:19,573 INFO  TestCase.ProfilePage - TC02_Verify_Password_Format_Requirements: Verify Confirm Password length require
2021-10-15 14:13:23,975 INFO  TestCase.ProfilePage -  -------------------------- PASSED -------------------------- 
2021-10-15 14:13:24,001 INFO  TestCase.ProfilePage -  -------------------------- PASSED -------------------------- 
2021-10-15 14:13:24,001 INFO  TestCase.ProfilePage - TC02_Verify_Password_Format_Requirements: Verify Confirm Password is not match
2021-10-15 14:13:27,674 INFO  TestCase.ProfilePage -  -------------------------- PASSED -------------------------- 
2021-10-15 14:13:27,675 INFO  TestCase.ProfilePage - TC02_Verify_Password_Format_Requirements: 3 all passwords empty
2021-10-15 14:13:31,694 INFO  TestCase.ProfilePage -  -------------------------- PASSED -------------------------- 
2021-10-15 14:13:31,720 INFO  TestCase.ProfilePage -  -------------------------- PASSED -------------------------- 
2021-10-15 14:13:31,737 INFO  TestCase.ProfilePage -  -------------------------- PASSED -------------------------- 
2021-10-15 14:17:14,124 INFO  TestCase.ProfilePage - Precondition : Login partner account
2021-10-15 14:17:21,773 INFO  TestCase.ProfilePage - TC01_Verify_Profile_Page_Is_Opened: Click to profile icon
2021-10-15 14:17:24,669 INFO  TestCase.ProfilePage - TC01_Verify_Profile_Page_Is_Opened: Verify profile page is opened
2021-10-15 14:17:24,699 INFO  TestCase.ProfilePage -  -------------------------- PASSED -------------------------- 
2021-10-15 14:17:24,723 INFO  TestCase.ProfilePage -  -------------------------- PASSED -------------------------- 
2021-10-15 14:17:24,739 INFO  TestCase.ProfilePage -  -------------------------- PASSED -------------------------- 
2021-10-15 14:17:24,741 INFO  TestCase.ProfilePage - TC02_Verify_Password_Format_Requirements: Verify Change Password page display
2021-10-15 14:17:27,081 INFO  TestCase.ProfilePage -  -------------------------- PASSED -------------------------- 
2021-10-15 14:17:27,087 INFO  TestCase.ProfilePage -  -------------------------- PASSED -------------------------- 
2021-10-15 14:17:27,087 INFO  TestCase.ProfilePage - TC02_Verify_Password_Format_Requirements: Verify Current password empty
2021-10-15 14:17:30,687 INFO  TestCase.ProfilePage -  -------------------------- PASSED -------------------------- 
2021-10-15 14:17:30,687 INFO  TestCase.ProfilePage - TC02_Verify_Password_Format_Requirements: Verify Current password length require
2021-10-15 14:17:34,764 INFO  TestCase.ProfilePage -  -------------------------- PASSED -------------------------- 
2021-10-15 14:17:34,764 INFO  TestCase.ProfilePage - TC02_Verify_Password_Format_Requirements: Verify incorrect Current password input
2021-10-15 14:17:39,304 INFO  TestCase.ProfilePage -  -------------------------- PASSED -------------------------- 
2021-10-15 14:17:39,304 INFO  TestCase.ProfilePage - TC02_Verify_Password_Format_Requirements: Verify New Password empty
2021-10-15 14:17:42,797 INFO  TestCase.ProfilePage -  -------------------------- PASSED -------------------------- 
2021-10-15 14:17:42,824 INFO  TestCase.ProfilePage -  -------------------------- PASSED -------------------------- 
2021-10-15 14:17:42,825 INFO  TestCase.ProfilePage - TC02_Verify_Password_Format_Requirements: Verify New Password length require
2021-10-15 14:17:46,872 INFO  TestCase.ProfilePage -  -------------------------- PASSED -------------------------- 
2021-10-15 14:17:46,897 INFO  TestCase.ProfilePage -  -------------------------- PASSED -------------------------- 
2021-10-15 14:17:46,898 INFO  TestCase.ProfilePage - TC02_Verify_Password_Format_Requirements: Verify Confirm Password empty
2021-10-15 14:17:50,666 INFO  TestCase.ProfilePage -  -------------------------- PASSED -------------------------- 
2021-10-15 14:17:50,666 INFO  TestCase.ProfilePage - TC02_Verify_Password_Format_Requirements: Verify Confirm Password length require
2021-10-15 14:17:54,381 INFO  TestCase.ProfilePage -  -------------------------- PASSED -------------------------- 
2021-10-15 14:17:54,404 INFO  TestCase.ProfilePage -  -------------------------- PASSED -------------------------- 
2021-10-15 14:17:54,404 INFO  TestCase.ProfilePage - TC02_Verify_Password_Format_Requirements: Verify Confirm Password is not match
2021-10-15 14:17:58,275 INFO  TestCase.ProfilePage -  -------------------------- PASSED -------------------------- 
2021-10-15 14:17:58,275 INFO  TestCase.ProfilePage - TC02_Verify_Password_Format_Requirements: 3 all passwords empty
2021-10-15 14:18:01,993 INFO  TestCase.ProfilePage -  -------------------------- PASSED -------------------------- 
2021-10-15 14:18:02,019 INFO  TestCase.ProfilePage -  -------------------------- PASSED -------------------------- 
2021-10-15 14:18:02,032 INFO  TestCase.ProfilePage -  -------------------------- PASSED -------------------------- 
2021-10-15 14:18:02,032 INFO  TestCase.ProfilePage - TC02_Verify_Password_Format_Requirements: verify warning message is close correctly
2021-10-15 14:18:04,153 INFO  TestCase.ProfilePage -  -------------------------- PASSED -------------------------- 
2021-10-15 14:34:31,992 INFO  TestCase.ProfilePage - Precondition : Login partner account
2021-10-15 14:34:35,013 INFO  TestCase.ProfilePage - TC01_Verify_Profile_Page_Is_Opened: Click to profile icon
2021-10-15 14:34:42,212 INFO  TestCase.ProfilePage - TC02_Verify_Password_Format_Requirements: Verify Change Password page display
2021-10-15 14:34:42,214 INFO  TestCase.ProfilePage - TC02_Verify_Password_Format_Requirements: Change password successfully
2021-10-15 14:34:42,215 INFO  TestCase.ProfilePage - TC04_Verify_Partner_Profile_HyperLink_Is_Clickable: Click On partner profile hyperlink
2021-10-15 14:35:31,812 INFO  TestCase.ProfilePage - Precondition : Login partner account
2021-10-15 14:35:33,535 INFO  TestCase.ProfilePage - TC01_Verify_Profile_Page_Is_Opened: Click to profile icon
2021-10-15 14:35:40,693 INFO  TestCase.ProfilePage - TC02_Verify_Password_Format_Requirements: Verify Change Password page display
2021-10-15 14:35:40,694 INFO  TestCase.ProfilePage - TC02_Verify_Password_Format_Requirements: Change password successfully
2021-10-15 14:35:40,695 INFO  TestCase.ProfilePage - TC04_Verify_Partner_Profile_HyperLink_Is_Clickable: Click On partner profile hyperlink
2021-10-15 14:36:14,365 INFO  TestCase.ProfilePage - Precondition : Login partner account
2021-10-15 14:36:19,792 INFO  TestCase.ProfilePage - TC01_Verify_Profile_Page_Is_Opened: Click to profile icon
2021-10-15 14:36:22,839 INFO  TestCase.ProfilePage - TC01_Verify_Profile_Page_Is_Opened: Verify profile page is opened
2021-10-15 14:36:22,855 INFO  TestCase.ProfilePage -  -------------------------- PASSED -------------------------- 
2021-10-15 14:36:22,868 INFO  TestCase.ProfilePage -  -------------------------- PASSED -------------------------- 
2021-10-15 14:36:22,886 INFO  TestCase.ProfilePage -  -------------------------- PASSED -------------------------- 
2021-10-15 14:36:22,888 INFO  TestCase.ProfilePage - TC02_Verify_Password_Format_Requirements: Verify Change Password page display
2021-10-15 14:36:23,846 INFO  TestCase.ProfilePage -  -------------------------- PASSED -------------------------- 
2021-10-15 14:36:23,853 INFO  TestCase.ProfilePage -  -------------------------- PASSED -------------------------- 
2021-10-15 14:36:23,854 INFO  TestCase.ProfilePage - TC02_Verify_Password_Format_Requirements: Verify Current password empty
2021-10-15 14:36:25,140 INFO  TestCase.ProfilePage -  -------------------------- PASSED -------------------------- 
2021-10-15 14:36:25,140 INFO  TestCase.ProfilePage - TC02_Verify_Password_Format_Requirements: Verify Current password length require
2021-10-15 14:36:29,026 INFO  TestCase.ProfilePage -  -------------------------- PASSED -------------------------- 
2021-10-15 14:36:29,026 INFO  TestCase.ProfilePage - TC02_Verify_Password_Format_Requirements: Verify incorrect Current password input
2021-10-15 14:36:33,005 INFO  TestCase.ProfilePage -  -------------------------- PASSED -------------------------- 
2021-10-15 14:36:33,005 INFO  TestCase.ProfilePage - TC02_Verify_Password_Format_Requirements: Verify New Password empty
2021-10-15 14:36:35,359 INFO  TestCase.ProfilePage -  -------------------------- PASSED -------------------------- 
2021-10-15 14:36:35,385 INFO  TestCase.ProfilePage -  -------------------------- PASSED -------------------------- 
2021-10-15 14:36:35,385 INFO  TestCase.ProfilePage - TC02_Verify_Password_Format_Requirements: Verify New Password length require
2021-10-15 14:36:38,773 INFO  TestCase.ProfilePage -  -------------------------- PASSED -------------------------- 
2021-10-15 14:36:38,800 INFO  TestCase.ProfilePage -  -------------------------- PASSED -------------------------- 
2021-10-15 14:36:38,800 INFO  TestCase.ProfilePage - TC02_Verify_Password_Format_Requirements: Verify Confirm Password empty
2021-10-15 14:36:42,172 INFO  TestCase.ProfilePage -  -------------------------- PASSED -------------------------- 
2021-10-15 14:36:42,172 INFO  TestCase.ProfilePage - TC02_Verify_Password_Format_Requirements: Verify Confirm Password length require
2021-10-15 14:36:44,079 INFO  TestCase.ProfilePage -  -------------------------- PASSED -------------------------- 
2021-10-15 14:36:44,104 INFO  TestCase.ProfilePage -  -------------------------- PASSED -------------------------- 
2021-10-15 14:36:44,104 INFO  TestCase.ProfilePage - TC02_Verify_Password_Format_Requirements: Verify Confirm Password is not match
2021-10-15 14:36:47,368 INFO  TestCase.ProfilePage -  -------------------------- PASSED -------------------------- 
2021-10-15 14:36:47,368 INFO  TestCase.ProfilePage - TC02_Verify_Password_Format_Requirements: 3 all passwords empty
2021-10-15 14:36:50,865 INFO  TestCase.ProfilePage -  -------------------------- PASSED -------------------------- 
2021-10-15 14:36:50,914 INFO  TestCase.ProfilePage -  -------------------------- PASSED -------------------------- 
2021-10-15 14:36:50,945 INFO  TestCase.ProfilePage -  -------------------------- PASSED -------------------------- 
2021-10-15 14:36:50,945 INFO  TestCase.ProfilePage - TC02_Verify_Password_Format_Requirements: input new password same as current password
2021-10-15 14:36:53,822 INFO  TestCase.ProfilePage -  -------------------------- PASSED -------------------------- 
2021-10-15 14:36:53,822 INFO  TestCase.ProfilePage - TC02_Verify_Password_Format_Requirements: verify warning message is close correctly
2021-10-15 14:36:55,967 INFO  TestCase.ProfilePage -  -------------------------- PASSED -------------------------- 
2021-10-15 14:36:55,968 INFO  TestCase.ProfilePage - TC02_Verify_Password_Format_Requirements: Change password successfully
2021-10-15 14:37:00,357 INFO  TestCase.ProfilePage - TC02_Verify_Password_Format_Requirements: verify password is changed
2021-10-15 14:37:00,388 INFO  TestCase.ProfilePage -  -------------------------- PASSED -------------------------- 
2021-10-15 14:37:00,389 INFO  TestCase.ProfilePage - TC02_Verify_Password_Format_Requirements: verify warning message is close correctly
2021-10-15 14:37:02,513 INFO  TestCase.ProfilePage -  -------------------------- PASSED -------------------------- 
2021-10-15 14:37:07,349 INFO  TestCase.ProfilePage - TC04_Verify_Partner_Profile_HyperLink_Is_Clickable: Click On partner profile hyperlink
2021-10-15 14:37:09,358 INFO  TestCase.ProfilePage - TC04_Verify_Partner_Profile_HyperLink_Is_Clickable: Verify partner profile page is opened
2021-10-15 14:37:09,382 INFO  TestCase.ProfilePage -  -------------------------- PASSED -------------------------- 
2021-10-15 14:37:09,397 INFO  TestCase.ProfilePage -  -------------------------- PASSED -------------------------- 
2021-10-15 14:37:09,412 INFO  TestCase.ProfilePage -  -------------------------- PASSED -------------------------- 
2021-10-15 14:48:09,394 INFO  TestCase.ProfilePage - Precondition : Login partner account
2021-10-15 14:48:14,886 INFO  TestCase.ProfilePage - TC01_Verify_Profile_Page_Is_Opened: Click to profile icon
2021-10-15 14:48:17,618 INFO  TestCase.ProfilePage - TC01_Verify_Profile_Page_Is_Opened: Verify profile page is opened
2021-10-15 14:48:17,640 INFO  TestCase.ProfilePage -  -------------------------- PASSED -------------------------- 
2021-10-15 14:48:17,651 INFO  TestCase.ProfilePage -  -------------------------- PASSED -------------------------- 
2021-10-15 14:48:17,667 INFO  TestCase.ProfilePage -  -------------------------- PASSED -------------------------- 
2021-10-15 14:48:17,669 INFO  TestCase.ProfilePage - TC05_Verify_Edit_Partner_Fields_Requirement: Verify Edit profile page is opened
2021-10-15 14:48:18,571 INFO  TestCase.ProfilePage -  -------------------------- PASSED -------------------------- 
2021-10-15 14:48:18,576 INFO  TestCase.ProfilePage -  -------------------------- PASSED -------------------------- 
2021-10-15 14:48:18,576 INFO  TestCase.ProfilePage - TC05_Verify_Edit_Partner_Fields_Requirement: Empty FullName
2021-10-15 14:48:18,847 INFO  TestCase.ProfilePage -  -------------------------- PASSED -------------------------- 
2021-10-15 15:07:25,325 INFO  TestCase.ProfilePage - Precondition : Login partner account
2021-10-15 15:07:32,576 INFO  TestCase.ProfilePage - TC01_Verify_Profile_Page_Is_Opened: Click to profile icon
2021-10-15 15:07:35,358 INFO  TestCase.ProfilePage - TC01_Verify_Profile_Page_Is_Opened: Verify profile page is opened
2021-10-15 15:07:35,389 INFO  TestCase.ProfilePage -  -------------------------- PASSED -------------------------- 
2021-10-15 15:07:35,415 INFO  TestCase.ProfilePage -  -------------------------- PASSED -------------------------- 
2021-10-15 15:07:35,430 INFO  TestCase.ProfilePage -  -------------------------- PASSED -------------------------- 
2021-10-15 15:07:35,432 INFO  TestCase.ProfilePage - TC05_Verify_Edit_Partner_Fields_Requirement: Verify Edit profile page is opened
2021-10-15 15:07:37,457 INFO  TestCase.ProfilePage -  -------------------------- PASSED -------------------------- 
2021-10-15 15:07:37,460 INFO  TestCase.ProfilePage -  -------------------------- PASSED -------------------------- 
2021-10-15 15:07:37,460 INFO  TestCase.ProfilePage - TC05_Verify_Edit_Partner_Fields_Requirement: Empty FullName
2021-10-15 15:07:37,704 INFO  TestCase.ProfilePage -  -------------------------- PASSED -------------------------- 
2021-10-15 15:07:37,704 INFO  TestCase.ProfilePage - TC05_Verify_Edit_Partner_Fields_Requirement: Empty Phone
2021-10-15 15:07:37,929 INFO  TestCase.ProfilePage -  -------------------------- PASSED -------------------------- 
2021-10-15 15:07:37,929 INFO  TestCase.ProfilePage - TC05_Verify_Edit_Partner_Fields_Requirement: Incorrect phone format
2021-10-15 15:07:40,197 INFO  TestCase.ProfilePage - TC06_Verify_Edit_Partner_Successfully: Input all valid value to fields
2021-10-15 15:08:16,292 INFO  TestCase.ProfilePage - Precondition : Login partner account
2021-10-15 15:08:23,781 INFO  TestCase.ProfilePage - TC01_Verify_Profile_Page_Is_Opened: Click to profile icon
2021-10-15 15:08:26,544 INFO  TestCase.ProfilePage - TC01_Verify_Profile_Page_Is_Opened: Verify profile page is opened
2021-10-15 15:08:26,567 INFO  TestCase.ProfilePage -  -------------------------- PASSED -------------------------- 
2021-10-15 15:08:26,579 INFO  TestCase.ProfilePage -  -------------------------- PASSED -------------------------- 
2021-10-15 15:08:26,594 INFO  TestCase.ProfilePage -  -------------------------- PASSED -------------------------- 
2021-10-15 15:08:26,596 INFO  TestCase.ProfilePage - TC05_Verify_Edit_Partner_Fields_Requirement: Verify Edit profile page is opened
2021-10-15 15:08:28,575 INFO  TestCase.ProfilePage -  -------------------------- PASSED -------------------------- 
2021-10-15 15:08:28,607 INFO  TestCase.ProfilePage -  -------------------------- PASSED -------------------------- 
2021-10-15 15:08:28,607 INFO  TestCase.ProfilePage - TC05_Verify_Edit_Partner_Fields_Requirement: Empty FullName
2021-10-15 15:08:28,862 INFO  TestCase.ProfilePage -  -------------------------- PASSED -------------------------- 
2021-10-15 15:08:28,862 INFO  TestCase.ProfilePage - TC05_Verify_Edit_Partner_Fields_Requirement: Empty Phone
2021-10-15 15:08:29,081 INFO  TestCase.ProfilePage -  -------------------------- PASSED -------------------------- 
2021-10-15 15:08:29,081 INFO  TestCase.ProfilePage - TC05_Verify_Edit_Partner_Fields_Requirement: Incorrect phone format
2021-10-15 15:08:31,336 INFO  TestCase.ProfilePage - TC06_Verify_Edit_Partner_Successfully: Input all valid value to fields
2021-10-15 15:09:35,836 INFO  TestCase.ProfilePage - Precondition : Login partner account
2021-10-15 15:09:43,990 INFO  TestCase.ProfilePage - TC01_Verify_Profile_Page_Is_Opened: Click to profile icon
2021-10-15 15:09:46,769 INFO  TestCase.ProfilePage - TC01_Verify_Profile_Page_Is_Opened: Verify profile page is opened
2021-10-15 15:09:46,790 INFO  TestCase.ProfilePage -  -------------------------- PASSED -------------------------- 
2021-10-15 15:09:46,817 INFO  TestCase.ProfilePage -  -------------------------- PASSED -------------------------- 
2021-10-15 15:09:46,833 INFO  TestCase.ProfilePage -  -------------------------- PASSED -------------------------- 
2021-10-15 15:09:46,834 INFO  TestCase.ProfilePage - TC05_Verify_Edit_Partner_Fields_Requirement: Verify Edit profile page is opened
2021-10-15 15:09:48,683 INFO  TestCase.ProfilePage -  -------------------------- PASSED -------------------------- 
2021-10-15 15:09:48,686 INFO  TestCase.ProfilePage -  -------------------------- PASSED -------------------------- 
2021-10-15 15:09:48,686 INFO  TestCase.ProfilePage - TC05_Verify_Edit_Partner_Fields_Requirement: Empty FullName
2021-10-15 15:09:48,974 INFO  TestCase.ProfilePage -  -------------------------- PASSED -------------------------- 
2021-10-15 15:09:48,974 INFO  TestCase.ProfilePage - TC05_Verify_Edit_Partner_Fields_Requirement: Empty Phone
2021-10-15 15:09:49,191 INFO  TestCase.ProfilePage -  -------------------------- PASSED -------------------------- 
2021-10-15 15:09:49,191 INFO  TestCase.ProfilePage - TC05_Verify_Edit_Partner_Fields_Requirement: Incorrect phone format
2021-10-15 15:10:04,272 INFO  TestCase.ProfilePage - TC06_Verify_Edit_Partner_Successfully: Input all valid value to fields
2021-10-15 15:10:52,052 INFO  TestCase.ProfilePage - Precondition : Login partner account
2021-10-15 15:10:59,674 INFO  TestCase.ProfilePage - TC01_Verify_Profile_Page_Is_Opened: Click to profile icon
2021-10-15 15:11:02,456 INFO  TestCase.ProfilePage - TC01_Verify_Profile_Page_Is_Opened: Verify profile page is opened
2021-10-15 15:11:02,479 INFO  TestCase.ProfilePage -  -------------------------- PASSED -------------------------- 
2021-10-15 15:11:02,493 INFO  TestCase.ProfilePage -  -------------------------- PASSED -------------------------- 
2021-10-15 15:11:02,507 INFO  TestCase.ProfilePage -  -------------------------- PASSED -------------------------- 
2021-10-15 15:11:02,509 INFO  TestCase.ProfilePage - TC05_Verify_Edit_Partner_Fields_Requirement: Incorrect phone format
2021-10-15 15:11:21,196 INFO  TestCase.ProfilePage - Precondition : Login partner account
2021-10-15 15:11:27,574 INFO  TestCase.ProfilePage - TC01_Verify_Profile_Page_Is_Opened: Click to profile icon
2021-10-15 15:11:30,166 INFO  TestCase.ProfilePage - TC01_Verify_Profile_Page_Is_Opened: Verify profile page is opened
2021-10-15 15:11:30,187 INFO  TestCase.ProfilePage -  -------------------------- PASSED -------------------------- 
2021-10-15 15:11:30,215 INFO  TestCase.ProfilePage -  -------------------------- PASSED -------------------------- 
2021-10-15 15:11:30,232 INFO  TestCase.ProfilePage -  -------------------------- PASSED -------------------------- 
2021-10-15 15:11:30,234 INFO  TestCase.ProfilePage - TC05_Verify_Edit_Partner_Fields_Requirement: Verify Edit profile page is opened
2021-10-15 15:11:32,746 INFO  TestCase.ProfilePage -  -------------------------- PASSED -------------------------- 
2021-10-15 15:11:32,752 INFO  TestCase.ProfilePage -  -------------------------- PASSED -------------------------- 
2021-10-15 15:11:32,752 INFO  TestCase.ProfilePage - TC05_Verify_Edit_Partner_Fields_Requirement: Incorrect phone format
2021-10-15 15:11:38,518 INFO  TestCase.ProfilePage -  -------------------------- FAILED -------------------------- 
2021-10-15 15:11:42,360 INFO  TestCase.ProfilePage -  -------------------------- FAILED -------------------------- 
2021-10-15 15:11:42,360 INFO  TestCase.ProfilePage - TC05_Verify_Edit_Partner_Fields_Requirement: less than length required : 9
2021-10-15 15:11:45,505 INFO  TestCase.ProfilePage -  -------------------------- FAILED -------------------------- 
2021-10-15 15:13:37,478 INFO  TestCase.ProfilePage - Precondition : Login partner account
2021-10-15 15:13:44,975 INFO  TestCase.ProfilePage - TC01_Verify_Profile_Page_Is_Opened: Click to profile icon
2021-10-15 15:13:47,941 INFO  TestCase.ProfilePage - TC01_Verify_Profile_Page_Is_Opened: Verify profile page is opened
2021-10-15 15:13:47,979 INFO  TestCase.ProfilePage -  -------------------------- PASSED -------------------------- 
2021-10-15 15:13:48,002 INFO  TestCase.ProfilePage -  -------------------------- PASSED -------------------------- 
2021-10-15 15:13:48,014 INFO  TestCase.ProfilePage -  -------------------------- PASSED -------------------------- 
2021-10-15 15:13:48,017 INFO  TestCase.ProfilePage - TC05_Verify_Edit_Partner_Fields_Requirement: Verify Edit profile page is opened
2021-10-15 15:13:50,500 INFO  TestCase.ProfilePage -  -------------------------- PASSED -------------------------- 
2021-10-15 15:13:50,505 INFO  TestCase.ProfilePage -  -------------------------- PASSED -------------------------- 
2021-10-15 15:13:50,505 INFO  TestCase.ProfilePage - TC05_Verify_Edit_Partner_Fields_Requirement: Incorrect phone format
2021-10-15 15:13:55,981 INFO  TestCase.ProfilePage -  -------------------------- FAILED -------------------------- 
2021-10-15 15:13:59,620 INFO  TestCase.ProfilePage -  -------------------------- FAILED -------------------------- 
2021-10-15 15:13:59,620 INFO  TestCase.ProfilePage - TC05_Verify_Edit_Partner_Fields_Requirement: less than length required : 9
2021-10-15 15:14:03,843 INFO  TestCase.ProfilePage -  -------------------------- PASSED -------------------------- 
2021-10-15 15:14:03,847 INFO  TestCase.ProfilePage - TC06_Verify_Edit_Partner_Successfully: Input all valid value to fields
2021-10-15 15:14:39,232 INFO  TestCase.ProfilePage - Precondition : Login partner account
2021-10-15 15:14:46,760 INFO  TestCase.ProfilePage - TC01_Verify_Profile_Page_Is_Opened: Click to profile icon
2021-10-15 15:14:49,743 INFO  TestCase.ProfilePage - TC01_Verify_Profile_Page_Is_Opened: Verify profile page is opened
2021-10-15 15:14:49,770 INFO  TestCase.ProfilePage -  -------------------------- PASSED -------------------------- 
2021-10-15 15:14:49,783 INFO  TestCase.ProfilePage -  -------------------------- PASSED -------------------------- 
2021-10-15 15:14:49,798 INFO  TestCase.ProfilePage -  -------------------------- PASSED -------------------------- 
2021-10-15 15:14:49,800 INFO  TestCase.ProfilePage - TC05_Verify_Edit_Partner_Fields_Requirement: Verify Edit profile page is opened
2021-10-15 15:14:51,909 INFO  TestCase.ProfilePage -  -------------------------- PASSED -------------------------- 
2021-10-15 15:14:51,913 INFO  TestCase.ProfilePage -  -------------------------- PASSED -------------------------- 
2021-10-15 15:14:51,913 INFO  TestCase.ProfilePage - TC05_Verify_Edit_Partner_Fields_Requirement: Incorrect phone format
2021-10-15 15:14:57,835 INFO  TestCase.ProfilePage -  -------------------------- FAILED -------------------------- 
2021-10-15 15:15:01,508 INFO  TestCase.ProfilePage -  -------------------------- FAILED -------------------------- 
2021-10-15 15:15:01,508 INFO  TestCase.ProfilePage - TC05_Verify_Edit_Partner_Fields_Requirement: less than length required : 9
2021-10-15 15:15:06,480 INFO  TestCase.ProfilePage -  -------------------------- PASSED -------------------------- 
2021-10-15 15:16:48,143 INFO  TestCase.ProfilePage - Precondition : Login partner account
2021-10-15 15:16:56,376 INFO  TestCase.ProfilePage - TC01_Verify_Profile_Page_Is_Opened: Click to profile icon
2021-10-15 15:16:59,144 INFO  TestCase.ProfilePage - TC01_Verify_Profile_Page_Is_Opened: Verify profile page is opened
2021-10-15 15:16:59,173 INFO  TestCase.ProfilePage -  -------------------------- PASSED -------------------------- 
2021-10-15 15:16:59,199 INFO  TestCase.ProfilePage -  -------------------------- PASSED -------------------------- 
2021-10-15 15:16:59,214 INFO  TestCase.ProfilePage -  -------------------------- PASSED -------------------------- 
2021-10-15 15:16:59,216 INFO  TestCase.ProfilePage - TC05_Verify_Edit_Partner_Fields_Requirement: Verify Edit profile page is opened
2021-10-15 15:17:01,665 INFO  TestCase.ProfilePage -  -------------------------- PASSED -------------------------- 
2021-10-15 15:17:01,668 INFO  TestCase.ProfilePage -  -------------------------- PASSED -------------------------- 
2021-10-15 15:17:01,668 INFO  TestCase.ProfilePage - TC05_Verify_Edit_Partner_Fields_Requirement: Incorrect phone format
2021-10-15 15:17:09,233 INFO  TestCase.ProfilePage -  -------------------------- PASSED -------------------------- 
2021-10-15 15:17:09,286 INFO  TestCase.ProfilePage -  -------------------------- PASSED -------------------------- 
2021-10-15 15:17:13,109 INFO  TestCase.ProfilePage -  -------------------------- PASSED -------------------------- 
2021-10-15 15:17:13,110 INFO  TestCase.ProfilePage - TC05_Verify_Edit_Partner_Fields_Requirement: less than length required : 9
2021-10-15 15:17:16,822 INFO  TestCase.ProfilePage -  -------------------------- PASSED -------------------------- 
2021-10-15 15:17:36,412 INFO  TestCase.ProfilePage - Precondition : Login partner account
2021-10-15 15:17:45,958 INFO  TestCase.ProfilePage - TC01_Verify_Profile_Page_Is_Opened: Click to profile icon
2021-10-15 15:17:49,740 INFO  TestCase.ProfilePage - TC01_Verify_Profile_Page_Is_Opened: Verify profile page is opened
2021-10-15 15:17:49,795 INFO  TestCase.ProfilePage -  -------------------------- PASSED -------------------------- 
2021-10-15 15:17:49,810 INFO  TestCase.ProfilePage -  -------------------------- PASSED -------------------------- 
2021-10-15 15:17:49,824 INFO  TestCase.ProfilePage -  -------------------------- PASSED -------------------------- 
2021-10-15 15:17:49,827 INFO  TestCase.ProfilePage - TC05_Verify_Edit_Partner_Fields_Requirement: Verify Edit profile page is opened
2021-10-15 15:17:52,601 INFO  TestCase.ProfilePage -  -------------------------- PASSED -------------------------- 
2021-10-15 15:17:52,605 INFO  TestCase.ProfilePage -  -------------------------- PASSED -------------------------- 
2021-10-15 15:17:52,605 INFO  TestCase.ProfilePage - TC05_Verify_Edit_Partner_Fields_Requirement: Empty FullName
2021-10-15 15:17:52,871 INFO  TestCase.ProfilePage -  -------------------------- PASSED -------------------------- 
2021-10-15 15:17:52,871 INFO  TestCase.ProfilePage - TC05_Verify_Edit_Partner_Fields_Requirement: Empty Phone
2021-10-15 15:17:53,151 INFO  TestCase.ProfilePage -  -------------------------- PASSED -------------------------- 
2021-10-15 15:17:53,151 INFO  TestCase.ProfilePage - TC05_Verify_Edit_Partner_Fields_Requirement: Incorrect phone format
2021-10-15 15:17:57,424 INFO  TestCase.ProfilePage - TC06_Verify_Edit_Partner_Successfully: Input all valid value to fields
2021-10-15 15:18:39,397 INFO  TestCase.ProfilePage - Precondition : Login partner account
2021-10-15 15:18:48,005 INFO  TestCase.ProfilePage - TC01_Verify_Profile_Page_Is_Opened: Click to profile icon
2021-10-15 15:18:51,348 INFO  TestCase.ProfilePage - TC01_Verify_Profile_Page_Is_Opened: Verify profile page is opened
2021-10-15 15:18:51,387 INFO  TestCase.ProfilePage -  -------------------------- PASSED -------------------------- 
2021-10-15 15:18:51,423 INFO  TestCase.ProfilePage -  -------------------------- PASSED -------------------------- 
2021-10-15 15:18:51,449 INFO  TestCase.ProfilePage -  -------------------------- PASSED -------------------------- 
2021-10-15 15:18:51,454 INFO  TestCase.ProfilePage - TC05_Verify_Edit_Partner_Fields_Requirement: Verify Edit profile page is opened
2021-10-15 15:18:54,312 INFO  TestCase.ProfilePage -  -------------------------- PASSED -------------------------- 
2021-10-15 15:18:54,316 INFO  TestCase.ProfilePage -  -------------------------- PASSED -------------------------- 
2021-10-15 15:18:54,316 INFO  TestCase.ProfilePage - TC05_Verify_Edit_Partner_Fields_Requirement: Empty FullName
2021-10-15 15:18:54,587 INFO  TestCase.ProfilePage -  -------------------------- PASSED -------------------------- 
2021-10-15 15:18:54,587 INFO  TestCase.ProfilePage - TC05_Verify_Edit_Partner_Fields_Requirement: Empty Phone
2021-10-15 15:18:54,862 INFO  TestCase.ProfilePage -  -------------------------- PASSED -------------------------- 
2021-10-15 15:18:54,862 INFO  TestCase.ProfilePage - TC05_Verify_Edit_Partner_Fields_Requirement: Incorrect phone format
2021-10-15 15:18:57,151 INFO  TestCase.ProfilePage - TC06_Verify_Edit_Partner_Successfully: Input all valid value to fields
2021-10-15 15:19:35,794 INFO  TestCase.ProfilePage - Precondition : Login partner account
2021-10-15 15:19:44,050 INFO  TestCase.ProfilePage - TC01_Verify_Profile_Page_Is_Opened: Click to profile icon
2021-10-15 15:19:46,941 INFO  TestCase.ProfilePage - TC01_Verify_Profile_Page_Is_Opened: Verify profile page is opened
2021-10-15 15:19:46,960 INFO  TestCase.ProfilePage -  -------------------------- PASSED -------------------------- 
2021-10-15 15:19:46,970 INFO  TestCase.ProfilePage -  -------------------------- PASSED -------------------------- 
2021-10-15 15:19:46,986 INFO  TestCase.ProfilePage -  -------------------------- PASSED -------------------------- 
2021-10-15 15:19:46,987 INFO  TestCase.ProfilePage - TC05_Verify_Edit_Partner_Fields_Requirement: Verify Edit profile page is opened
2021-10-15 15:19:48,805 INFO  TestCase.ProfilePage -  -------------------------- PASSED -------------------------- 
2021-10-15 15:19:48,809 INFO  TestCase.ProfilePage -  -------------------------- PASSED -------------------------- 
2021-10-15 15:19:48,809 INFO  TestCase.ProfilePage - TC05_Verify_Edit_Partner_Fields_Requirement: Empty FullName
2021-10-15 15:19:49,099 INFO  TestCase.ProfilePage -  -------------------------- PASSED -------------------------- 
2021-10-15 15:19:49,099 INFO  TestCase.ProfilePage - TC05_Verify_Edit_Partner_Fields_Requirement: Empty Phone
2021-10-15 15:19:49,316 INFO  TestCase.ProfilePage -  -------------------------- PASSED -------------------------- 
2021-10-15 15:19:49,316 INFO  TestCase.ProfilePage - TC05_Verify_Edit_Partner_Fields_Requirement: Incorrect phone format
2021-10-15 15:20:38,767 INFO  TestCase.ProfilePage - Precondition : Login partner account
2021-10-15 15:20:48,977 INFO  TestCase.ProfilePage - TC01_Verify_Profile_Page_Is_Opened: Click to profile icon
2021-10-15 15:20:52,049 INFO  TestCase.ProfilePage - TC01_Verify_Profile_Page_Is_Opened: Verify profile page is opened
2021-10-15 15:20:52,079 INFO  TestCase.ProfilePage -  -------------------------- PASSED -------------------------- 
2021-10-15 15:20:52,100 INFO  TestCase.ProfilePage -  -------------------------- PASSED -------------------------- 
2021-10-15 15:20:52,115 INFO  TestCase.ProfilePage -  -------------------------- PASSED -------------------------- 
2021-10-15 15:20:52,116 INFO  TestCase.ProfilePage - TC05_Verify_Edit_Partner_Fields_Requirement: Verify Edit profile page is opened
2021-10-15 15:20:55,359 INFO  TestCase.ProfilePage -  -------------------------- PASSED -------------------------- 
2021-10-15 15:20:55,364 INFO  TestCase.ProfilePage -  -------------------------- PASSED -------------------------- 
2021-10-15 15:20:55,364 INFO  TestCase.ProfilePage - TC05_Verify_Edit_Partner_Fields_Requirement: Empty FullName
2021-10-15 15:20:55,651 INFO  TestCase.ProfilePage -  -------------------------- PASSED -------------------------- 
2021-10-15 15:20:55,651 INFO  TestCase.ProfilePage - TC05_Verify_Edit_Partner_Fields_Requirement: Empty Phone
2021-10-15 15:20:55,915 INFO  TestCase.ProfilePage -  -------------------------- PASSED -------------------------- 
2021-10-15 15:20:55,915 INFO  TestCase.ProfilePage - TC05_Verify_Edit_Partner_Fields_Requirement: Incorrect phone format
2021-10-15 15:21:01,122 INFO  TestCase.ProfilePage -  -------------------------- PASSED -------------------------- 
2021-10-15 15:21:01,143 INFO  TestCase.ProfilePage -  -------------------------- PASSED -------------------------- 
2021-10-15 15:21:06,250 INFO  TestCase.ProfilePage -  -------------------------- PASSED -------------------------- 
2021-10-15 15:21:06,250 INFO  TestCase.ProfilePage - TC05_Verify_Edit_Partner_Fields_Requirement: less than length required : 9
2021-10-15 15:21:10,122 INFO  TestCase.ProfilePage -  -------------------------- PASSED -------------------------- 
2021-10-15 15:21:56,302 INFO  TestCase.ProfilePage - Precondition : Login partner account
2021-10-15 15:22:05,177 INFO  TestCase.ProfilePage - TC01_Verify_Profile_Page_Is_Opened: Click to profile icon
2021-10-15 15:22:08,147 INFO  TestCase.ProfilePage - TC01_Verify_Profile_Page_Is_Opened: Verify profile page is opened
2021-10-15 15:22:08,161 INFO  TestCase.ProfilePage -  -------------------------- PASSED -------------------------- 
2021-10-15 15:22:08,174 INFO  TestCase.ProfilePage -  -------------------------- PASSED -------------------------- 
2021-10-15 15:22:08,190 INFO  TestCase.ProfilePage -  -------------------------- PASSED -------------------------- 
2021-10-15 15:22:08,192 INFO  TestCase.ProfilePage - TC05_Verify_Edit_Partner_Fields_Requirement: Verify Edit profile page is opened
2021-10-15 15:22:09,993 INFO  TestCase.ProfilePage -  -------------------------- PASSED -------------------------- 
2021-10-15 15:22:09,998 INFO  TestCase.ProfilePage -  -------------------------- PASSED -------------------------- 
2021-10-15 15:22:09,998 INFO  TestCase.ProfilePage - TC05_Verify_Edit_Partner_Fields_Requirement: Empty FullName
2021-10-15 15:22:10,253 INFO  TestCase.ProfilePage -  -------------------------- PASSED -------------------------- 
2021-10-15 15:22:10,253 INFO  TestCase.ProfilePage - TC05_Verify_Edit_Partner_Fields_Requirement: Empty Phone
2021-10-15 15:22:10,508 INFO  TestCase.ProfilePage -  -------------------------- PASSED -------------------------- 
2021-10-15 15:22:10,508 INFO  TestCase.ProfilePage - TC05_Verify_Edit_Partner_Fields_Requirement: Incorrect phone format
2021-10-15 15:22:11,991 INFO  TestCase.ProfilePage -  -------------------------- PASSED -------------------------- 
2021-10-15 15:22:12,010 INFO  TestCase.ProfilePage -  -------------------------- PASSED -------------------------- 
2021-10-15 15:22:15,393 INFO  TestCase.ProfilePage -  -------------------------- PASSED -------------------------- 
2021-10-15 15:22:15,393 INFO  TestCase.ProfilePage - TC05_Verify_Edit_Partner_Fields_Requirement: less than length required : 9
2021-10-15 15:22:18,679 INFO  TestCase.ProfilePage -  -------------------------- PASSED -------------------------- 
2021-10-15 15:22:18,679 INFO  TestCase.ProfilePage - TC06_Verify_Edit_Partner_Successfully: Input all valid value to fields
2021-10-15 15:23:02,645 INFO  TestCase.ProfilePage - Precondition : Login partner account
2021-10-15 15:23:10,466 INFO  TestCase.ProfilePage - TC01_Verify_Profile_Page_Is_Opened: Click to profile icon
2021-10-15 15:23:13,238 INFO  TestCase.ProfilePage - TC01_Verify_Profile_Page_Is_Opened: Verify profile page is opened
2021-10-15 15:23:13,268 INFO  TestCase.ProfilePage -  -------------------------- PASSED -------------------------- 
2021-10-15 15:23:13,286 INFO  TestCase.ProfilePage -  -------------------------- PASSED -------------------------- 
2021-10-15 15:23:13,302 INFO  TestCase.ProfilePage -  -------------------------- PASSED -------------------------- 
2021-10-15 15:23:13,304 INFO  TestCase.ProfilePage - TC05_Verify_Edit_Partner_Fields_Requirement: Verify Edit profile page is opened
2021-10-15 15:23:15,679 INFO  TestCase.ProfilePage -  -------------------------- PASSED -------------------------- 
2021-10-15 15:23:15,685 INFO  TestCase.ProfilePage -  -------------------------- PASSED -------------------------- 
2021-10-15 15:23:15,685 INFO  TestCase.ProfilePage - TC05_Verify_Edit_Partner_Fields_Requirement: Empty FullName
2021-10-15 15:23:15,938 INFO  TestCase.ProfilePage -  -------------------------- PASSED -------------------------- 
2021-10-15 15:23:15,938 INFO  TestCase.ProfilePage - TC05_Verify_Edit_Partner_Fields_Requirement: Empty Phone
2021-10-15 15:23:16,188 INFO  TestCase.ProfilePage -  -------------------------- PASSED -------------------------- 
2021-10-15 15:23:16,188 INFO  TestCase.ProfilePage - TC05_Verify_Edit_Partner_Fields_Requirement: Incorrect phone format
2021-10-15 15:23:19,873 INFO  TestCase.ProfilePage -  -------------------------- PASSED -------------------------- 
2021-10-15 15:23:19,895 INFO  TestCase.ProfilePage -  -------------------------- PASSED -------------------------- 
2021-10-15 15:23:23,477 INFO  TestCase.ProfilePage -  -------------------------- PASSED -------------------------- 
2021-10-15 15:23:23,478 INFO  TestCase.ProfilePage - TC05_Verify_Edit_Partner_Fields_Requirement: less than length required : 9
2021-10-15 15:23:27,018 INFO  TestCase.ProfilePage -  -------------------------- PASSED -------------------------- 
2021-10-15 15:23:27,019 INFO  TestCase.ProfilePage - TC06_Verify_Edit_Partner_Successfully: Input all valid value to fields
2021-10-15 15:23:27,683 INFO  TestCase.ProfilePage - TC06_Verify_Edit_Partner_Successfully: Click on Update button
2021-10-15 15:23:30,979 INFO  TestCase.ProfilePage - TC06_Verify_Edit_Partner_Successfully: Click on Partner profile hyperlink
2021-10-15 15:23:33,074 INFO  TestCase.ProfilePage - TC06_Verify_Edit_Partner_Successfully: Verify partner profile page is opened
2021-10-15 15:23:33,093 INFO  TestCase.ProfilePage -  -------------------------- PASSED -------------------------- 
2021-10-15 15:23:33,106 INFO  TestCase.ProfilePage -  -------------------------- PASSED -------------------------- 
2021-10-15 15:23:33,122 INFO  TestCase.ProfilePage -  -------------------------- PASSED -------------------------- 
2021-10-15 15:23:33,122 INFO  TestCase.ProfilePage - TC06_Verify_Edit_Partner_Successfully: Verify all info are updated successfully
2021-10-15 15:23:33,147 INFO  TestCase.ProfilePage -  -------------------------- FAILED -------------------------- 
2021-10-15 15:24:22,247 INFO  TestCase.ProfilePage - Precondition : Login partner account
2021-10-15 15:24:29,849 INFO  TestCase.ProfilePage - TC01_Verify_Profile_Page_Is_Opened: Click to profile icon
2021-10-15 15:24:32,670 INFO  TestCase.ProfilePage - TC01_Verify_Profile_Page_Is_Opened: Verify profile page is opened
2021-10-15 15:24:32,695 INFO  TestCase.ProfilePage -  -------------------------- PASSED -------------------------- 
2021-10-15 15:24:32,720 INFO  TestCase.ProfilePage -  -------------------------- PASSED -------------------------- 
2021-10-15 15:24:32,734 INFO  TestCase.ProfilePage -  -------------------------- PASSED -------------------------- 
2021-10-15 15:24:32,735 INFO  TestCase.ProfilePage - TC06_Verify_Edit_Partner_Successfully: Input all valid value to fields
2021-10-15 15:24:59,587 INFO  TestCase.ProfilePage - Precondition : Login partner account
2021-10-15 15:25:09,170 INFO  TestCase.ProfilePage - TC01_Verify_Profile_Page_Is_Opened: Click to profile icon
2021-10-15 15:25:13,047 INFO  TestCase.ProfilePage - TC01_Verify_Profile_Page_Is_Opened: Verify profile page is opened
2021-10-15 15:25:13,061 INFO  TestCase.ProfilePage -  -------------------------- PASSED -------------------------- 
2021-10-15 15:25:13,072 INFO  TestCase.ProfilePage -  -------------------------- PASSED -------------------------- 
2021-10-15 15:25:13,087 INFO  TestCase.ProfilePage -  -------------------------- PASSED -------------------------- 
2021-10-15 15:25:13,089 INFO  TestCase.ProfilePage - TC05_Verify_Edit_Partner_Fields_Requirement: Verify Edit profile page is opened
2021-10-15 15:25:15,350 INFO  TestCase.ProfilePage -  -------------------------- PASSED -------------------------- 
2021-10-15 15:25:15,355 INFO  TestCase.ProfilePage -  -------------------------- PASSED -------------------------- 
2021-10-15 15:25:15,355 INFO  TestCase.ProfilePage - TC06_Verify_Edit_Partner_Successfully: Input all valid value to fields
2021-10-15 15:25:16,102 INFO  TestCase.ProfilePage - TC06_Verify_Edit_Partner_Successfully: Click on Update button
2021-10-15 15:25:20,678 INFO  TestCase.ProfilePage - TC06_Verify_Edit_Partner_Successfully: Click on Partner profile hyperlink
2021-10-15 15:25:23,288 INFO  TestCase.ProfilePage - TC06_Verify_Edit_Partner_Successfully: Verify partner profile page is opened
2021-10-15 15:25:23,304 INFO  TestCase.ProfilePage -  -------------------------- PASSED -------------------------- 
2021-10-15 15:25:23,318 INFO  TestCase.ProfilePage -  -------------------------- PASSED -------------------------- 
2021-10-15 15:25:23,333 INFO  TestCase.ProfilePage -  -------------------------- PASSED -------------------------- 
2021-10-15 15:25:23,333 INFO  TestCase.ProfilePage - TC06_Verify_Edit_Partner_Successfully: Verify all info are updated successfully
2021-10-15 15:25:23,361 INFO  TestCase.ProfilePage -  -------------------------- FAILED -------------------------- 
2021-10-15 15:25:44,451 INFO  TestCase.ProfilePage - Precondition : Login partner account
2021-10-15 15:25:52,987 INFO  TestCase.ProfilePage - TC01_Verify_Profile_Page_Is_Opened: Click to profile icon
2021-10-15 15:25:56,040 INFO  TestCase.ProfilePage - TC01_Verify_Profile_Page_Is_Opened: Verify profile page is opened
2021-10-15 15:25:56,061 INFO  TestCase.ProfilePage -  -------------------------- PASSED -------------------------- 
2021-10-15 15:25:56,073 INFO  TestCase.ProfilePage -  -------------------------- PASSED -------------------------- 
2021-10-15 15:25:56,089 INFO  TestCase.ProfilePage -  -------------------------- PASSED -------------------------- 
2021-10-15 15:25:56,090 INFO  TestCase.ProfilePage - TC05_Verify_Edit_Partner_Fields_Requirement: Verify Edit profile page is opened
2021-10-15 15:25:58,324 INFO  TestCase.ProfilePage -  -------------------------- PASSED -------------------------- 
2021-10-15 15:25:58,327 INFO  TestCase.ProfilePage -  -------------------------- PASSED -------------------------- 
2021-10-15 15:25:58,328 INFO  TestCase.ProfilePage - TC06_Verify_Edit_Partner_Successfully: Input all valid value to fields
2021-10-15 15:25:59,055 INFO  TestCase.ProfilePage - TC06_Verify_Edit_Partner_Successfully: Click on Update button
2021-10-15 15:26:01,361 INFO  TestCase.ProfilePage - TC06_Verify_Edit_Partner_Successfully: Click on Partner profile hyperlink
2021-10-15 15:26:04,782 INFO  TestCase.ProfilePage - TC06_Verify_Edit_Partner_Successfully: Verify partner profile page is opened
2021-10-15 15:26:04,796 INFO  TestCase.ProfilePage -  -------------------------- PASSED -------------------------- 
2021-10-15 15:26:04,810 INFO  TestCase.ProfilePage -  -------------------------- PASSED -------------------------- 
2021-10-15 15:26:04,825 INFO  TestCase.ProfilePage -  -------------------------- PASSED -------------------------- 
2021-10-15 15:26:04,825 INFO  TestCase.ProfilePage - TC06_Verify_Edit_Partner_Successfully: Verify all info are updated successfully
2021-10-15 15:26:04,854 INFO  TestCase.ProfilePage -  -------------------------- FAILED -------------------------- 
2021-10-15 15:26:25,870 INFO  TestCase.ProfilePage - Precondition : Login partner account
2021-10-15 15:26:33,295 INFO  TestCase.ProfilePage - TC01_Verify_Profile_Page_Is_Opened: Click to profile icon
2021-10-15 15:26:36,040 INFO  TestCase.ProfilePage - TC01_Verify_Profile_Page_Is_Opened: Verify profile page is opened
2021-10-15 15:26:36,061 INFO  TestCase.ProfilePage -  -------------------------- PASSED -------------------------- 
2021-10-15 15:26:36,075 INFO  TestCase.ProfilePage -  -------------------------- PASSED -------------------------- 
2021-10-15 15:26:36,090 INFO  TestCase.ProfilePage -  -------------------------- PASSED -------------------------- 
2021-10-15 15:26:36,092 INFO  TestCase.ProfilePage - TC05_Verify_Edit_Partner_Fields_Requirement: Verify Edit profile page is opened
2021-10-15 15:26:38,500 INFO  TestCase.ProfilePage -  -------------------------- PASSED -------------------------- 
2021-10-15 15:26:38,505 INFO  TestCase.ProfilePage -  -------------------------- PASSED -------------------------- 
2021-10-15 15:26:38,506 INFO  TestCase.ProfilePage - TC06_Verify_Edit_Partner_Successfully: Input all valid value to fields
2021-10-15 15:26:39,225 INFO  TestCase.ProfilePage - TC06_Verify_Edit_Partner_Successfully: Click on Update button
2021-10-15 15:26:43,085 INFO  TestCase.ProfilePage - TC06_Verify_Edit_Partner_Successfully: Click on Partner profile hyperlink
2021-10-15 15:26:46,077 INFO  TestCase.ProfilePage - TC06_Verify_Edit_Partner_Successfully: Verify partner profile page is opened
2021-10-15 15:26:46,098 INFO  TestCase.ProfilePage -  -------------------------- PASSED -------------------------- 
2021-10-15 15:26:46,111 INFO  TestCase.ProfilePage -  -------------------------- PASSED -------------------------- 
2021-10-15 15:26:46,126 INFO  TestCase.ProfilePage -  -------------------------- PASSED -------------------------- 
2021-10-15 15:26:46,126 INFO  TestCase.ProfilePage - TC06_Verify_Edit_Partner_Successfully: Verify all info are updated successfully
2021-10-15 15:26:46,155 INFO  TestCase.ProfilePage -  -------------------------- PASSED -------------------------- 
2021-10-15 15:27:19,530 INFO  TestCase.ProfilePage - Precondition : Login partner account
2021-10-15 15:27:27,486 INFO  TestCase.ProfilePage - TC01_Verify_Profile_Page_Is_Opened: Click to profile icon
2021-10-15 15:27:30,479 INFO  TestCase.ProfilePage - TC01_Verify_Profile_Page_Is_Opened: Verify profile page is opened
2021-10-15 15:27:30,505 INFO  TestCase.ProfilePage -  -------------------------- PASSED -------------------------- 
2021-10-15 15:27:30,516 INFO  TestCase.ProfilePage -  -------------------------- PASSED -------------------------- 
2021-10-15 15:27:30,532 INFO  TestCase.ProfilePage -  -------------------------- PASSED -------------------------- 
2021-10-15 15:27:30,534 INFO  TestCase.ProfilePage - TC05_Verify_Edit_Partner_Fields_Requirement: Verify Edit profile page is opened
2021-10-15 15:27:33,039 INFO  TestCase.ProfilePage -  -------------------------- PASSED -------------------------- 
2021-10-15 15:27:33,045 INFO  TestCase.ProfilePage -  -------------------------- PASSED -------------------------- 
2021-10-15 15:27:33,045 INFO  TestCase.ProfilePage - TC06_Verify_Edit_Partner_Successfully: Input all valid value to fields
2021-10-15 15:27:33,825 INFO  TestCase.ProfilePage - TC06_Verify_Edit_Partner_Successfully: Click on Update button
2021-10-15 15:27:37,506 INFO  TestCase.ProfilePage - TC06_Verify_Edit_Partner_Successfully: Click on Partner profile hyperlink
2021-10-15 15:27:39,935 INFO  TestCase.ProfilePage - TC06_Verify_Edit_Partner_Successfully: Verify partner profile page is opened
2021-10-15 15:27:39,950 INFO  TestCase.ProfilePage -  -------------------------- PASSED -------------------------- 
2021-10-15 15:27:39,958 INFO  TestCase.ProfilePage -  -------------------------- PASSED -------------------------- 
2021-10-15 15:27:39,975 INFO  TestCase.ProfilePage -  -------------------------- PASSED -------------------------- 
2021-10-15 15:27:39,975 INFO  TestCase.ProfilePage - TC06_Verify_Edit_Partner_Successfully: Verify all info are updated successfully
2021-10-15 15:27:40,002 INFO  TestCase.ProfilePage -  -------------------------- PASSED -------------------------- 
2021-10-15 15:27:40,034 INFO  TestCase.ProfilePage -  -------------------------- PASSED -------------------------- 
2021-10-15 15:27:40,066 INFO  TestCase.ProfilePage -  -------------------------- PASSED -------------------------- 
2021-10-15 15:27:40,094 INFO  TestCase.ProfilePage -  -------------------------- PASSED -------------------------- 
2021-10-15 15:27:40,133 INFO  TestCase.ProfilePage -  -------------------------- PASSED -------------------------- 
2021-10-15 15:28:04,884 INFO  TestCase.ProfilePage - Precondition : Login partner account
2021-10-15 15:28:11,557 INFO  TestCase.ProfilePage - TC01_Verify_Profile_Page_Is_Opened: Click to profile icon
2021-10-15 15:28:14,797 INFO  TestCase.ProfilePage - TC01_Verify_Profile_Page_Is_Opened: Verify profile page is opened
2021-10-15 15:28:14,824 INFO  TestCase.ProfilePage -  -------------------------- PASSED -------------------------- 
2021-10-15 15:28:14,837 INFO  TestCase.ProfilePage -  -------------------------- PASSED -------------------------- 
2021-10-15 15:28:14,852 INFO  TestCase.ProfilePage -  -------------------------- PASSED -------------------------- 
2021-10-15 15:28:14,855 INFO  TestCase.ProfilePage - TC02_Verify_Password_Format_Requirements: Verify Change Password page display
2021-10-15 15:28:17,228 INFO  TestCase.ProfilePage -  -------------------------- PASSED -------------------------- 
2021-10-15 15:28:17,232 INFO  TestCase.ProfilePage -  -------------------------- PASSED -------------------------- 
2021-10-15 15:28:17,232 INFO  TestCase.ProfilePage - TC02_Verify_Password_Format_Requirements: Verify Current password empty
2021-10-15 15:28:21,467 INFO  TestCase.ProfilePage -  -------------------------- PASSED -------------------------- 
2021-10-15 15:28:21,467 INFO  TestCase.ProfilePage - TC02_Verify_Password_Format_Requirements: Verify Current password length require
2021-10-15 15:28:25,600 INFO  TestCase.ProfilePage -  -------------------------- PASSED -------------------------- 
2021-10-15 15:28:25,600 INFO  TestCase.ProfilePage - TC02_Verify_Password_Format_Requirements: Verify incorrect Current password input
2021-10-15 15:28:30,224 INFO  TestCase.ProfilePage -  -------------------------- PASSED -------------------------- 
2021-10-15 15:28:30,224 INFO  TestCase.ProfilePage - TC02_Verify_Password_Format_Requirements: Verify New Password empty
2021-10-15 15:28:34,272 INFO  TestCase.ProfilePage -  -------------------------- PASSED -------------------------- 
2021-10-15 15:28:34,295 INFO  TestCase.ProfilePage -  -------------------------- PASSED -------------------------- 
2021-10-15 15:28:34,295 INFO  TestCase.ProfilePage - TC02_Verify_Password_Format_Requirements: Verify New Password length require
2021-10-15 15:28:38,274 INFO  TestCase.ProfilePage -  -------------------------- PASSED -------------------------- 
2021-10-15 15:28:38,300 INFO  TestCase.ProfilePage -  -------------------------- PASSED -------------------------- 
2021-10-15 15:28:38,300 INFO  TestCase.ProfilePage - TC02_Verify_Password_Format_Requirements: Verify Confirm Password empty
2021-10-15 15:28:42,569 INFO  TestCase.ProfilePage -  -------------------------- PASSED -------------------------- 
2021-10-15 15:28:42,569 INFO  TestCase.ProfilePage - TC02_Verify_Password_Format_Requirements: Verify Confirm Password length require
2021-10-15 15:28:46,384 INFO  TestCase.ProfilePage -  -------------------------- PASSED -------------------------- 
2021-10-15 15:28:46,408 INFO  TestCase.ProfilePage -  -------------------------- PASSED -------------------------- 
2021-10-15 15:28:46,408 INFO  TestCase.ProfilePage - TC02_Verify_Password_Format_Requirements: Verify Confirm Password is not match
2021-10-15 15:28:49,770 INFO  TestCase.ProfilePage -  -------------------------- PASSED -------------------------- 
2021-10-15 15:28:49,770 INFO  TestCase.ProfilePage - TC02_Verify_Password_Format_Requirements: 3 all passwords empty
2021-10-15 15:28:54,078 INFO  TestCase.ProfilePage -  -------------------------- PASSED -------------------------- 
2021-10-15 15:28:54,105 INFO  TestCase.ProfilePage -  -------------------------- PASSED -------------------------- 
2021-10-15 15:28:54,119 INFO  TestCase.ProfilePage -  -------------------------- PASSED -------------------------- 
2021-10-15 15:28:54,119 INFO  TestCase.ProfilePage - TC02_Verify_Password_Format_Requirements: input new password same as current password
2021-10-15 15:28:59,111 INFO  TestCase.ProfilePage -  -------------------------- PASSED -------------------------- 
2021-10-15 15:28:59,111 INFO  TestCase.ProfilePage - TC02_Verify_Password_Format_Requirements: verify warning message is close correctly
2021-10-15 15:29:01,223 INFO  TestCase.ProfilePage -  -------------------------- PASSED -------------------------- 
2021-10-15 15:29:01,223 INFO  TestCase.ProfilePage - TC02_Verify_Password_Format_Requirements: Change password successfully
2021-10-15 15:29:08,285 INFO  TestCase.ProfilePage - TC02_Verify_Password_Format_Requirements: verify password is changed
2021-10-15 15:29:08,311 INFO  TestCase.ProfilePage -  -------------------------- PASSED -------------------------- 
2021-10-15 15:29:08,311 INFO  TestCase.ProfilePage - TC02_Verify_Password_Format_Requirements: verify warning message is close correctly
2021-10-15 15:29:10,473 INFO  TestCase.ProfilePage -  -------------------------- PASSED -------------------------- 
2021-10-15 15:29:15,686 INFO  TestCase.ProfilePage - TC04_Verify_Partner_Profile_HyperLink_Is_Clickable: Click On partner profile hyperlink
2021-10-15 15:29:19,374 INFO  TestCase.ProfilePage - TC04_Verify_Partner_Profile_HyperLink_Is_Clickable: Verify partner profile page is opened
2021-10-15 15:29:19,394 INFO  TestCase.ProfilePage -  -------------------------- PASSED -------------------------- 
2021-10-15 15:29:19,405 INFO  TestCase.ProfilePage -  -------------------------- PASSED -------------------------- 
2021-10-15 15:29:19,421 INFO  TestCase.ProfilePage -  -------------------------- PASSED -------------------------- 
2021-10-15 15:29:19,421 INFO  TestCase.ProfilePage - TC05_Verify_Edit_Partner_Fields_Requirement: Verify Edit profile page is opened
2021-10-15 15:29:22,402 INFO  TestCase.ProfilePage -  -------------------------- PASSED -------------------------- 
2021-10-15 15:29:22,406 INFO  TestCase.ProfilePage -  -------------------------- PASSED -------------------------- 
2021-10-15 15:29:22,406 INFO  TestCase.ProfilePage - TC05_Verify_Edit_Partner_Fields_Requirement: Empty FullName
2021-10-15 15:29:22,704 INFO  TestCase.ProfilePage -  -------------------------- PASSED -------------------------- 
2021-10-15 15:29:22,704 INFO  TestCase.ProfilePage - TC05_Verify_Edit_Partner_Fields_Requirement: Empty Phone
2021-10-15 15:29:22,921 INFO  TestCase.ProfilePage -  -------------------------- PASSED -------------------------- 
2021-10-15 15:29:22,921 INFO  TestCase.ProfilePage - TC05_Verify_Edit_Partner_Fields_Requirement: Incorrect phone format
2021-10-15 15:29:27,332 INFO  TestCase.ProfilePage -  -------------------------- PASSED -------------------------- 
2021-10-15 15:29:27,357 INFO  TestCase.ProfilePage -  -------------------------- PASSED -------------------------- 
2021-10-15 15:29:31,129 INFO  TestCase.ProfilePage -  -------------------------- PASSED -------------------------- 
2021-10-15 15:29:31,129 INFO  TestCase.ProfilePage - TC05_Verify_Edit_Partner_Fields_Requirement: less than length required : 9
2021-10-15 15:29:35,019 INFO  TestCase.ProfilePage -  -------------------------- PASSED -------------------------- 
2021-10-15 15:29:35,020 INFO  TestCase.ProfilePage - TC06_Verify_Edit_Partner_Successfully: Input all valid value to fields
2021-10-15 15:29:35,727 INFO  TestCase.ProfilePage - TC06_Verify_Edit_Partner_Successfully: Click on Update button
2021-10-15 15:29:39,707 INFO  TestCase.ProfilePage - TC06_Verify_Edit_Partner_Successfully: Click on Partner profile hyperlink
2021-10-15 15:29:42,093 INFO  TestCase.ProfilePage - TC06_Verify_Edit_Partner_Successfully: Verify partner profile page is opened
2021-10-15 15:29:42,110 INFO  TestCase.ProfilePage -  -------------------------- PASSED -------------------------- 
2021-10-15 15:29:42,122 INFO  TestCase.ProfilePage -  -------------------------- PASSED -------------------------- 
2021-10-15 15:29:42,138 INFO  TestCase.ProfilePage -  -------------------------- PASSED -------------------------- 
2021-10-15 15:29:42,138 INFO  TestCase.ProfilePage - TC06_Verify_Edit_Partner_Successfully: Verify all info are updated successfully
2021-10-15 15:29:42,162 INFO  TestCase.ProfilePage -  -------------------------- PASSED -------------------------- 
2021-10-15 15:29:42,193 INFO  TestCase.ProfilePage -  -------------------------- PASSED -------------------------- 
2021-10-15 15:29:42,223 INFO  TestCase.ProfilePage -  -------------------------- PASSED -------------------------- 
2021-10-15 15:29:42,255 INFO  TestCase.ProfilePage -  -------------------------- PASSED -------------------------- 
2021-10-15 15:29:42,285 INFO  TestCase.ProfilePage -  -------------------------- PASSED -------------------------- 
2021-10-15 17:25:10,002 INFO  TestCase.ManageProduct - Precondition: Login account
2021-10-15 17:25:16,070 INFO  TestCase.ManageProduct - TC01_Verify_Product_Page_Display: Click on Manage Product menu
2021-10-15 17:25:18,992 INFO  TestCase.ManageProduct - TC01_Verify_Product_Page_Display: Verify Manage product page is opened
2021-10-15 17:25:19,014 INFO  TestCase.ManageProduct -  -------------------------- PASSED -------------------------- 
2021-10-15 17:25:19,015 INFO  TestCase.ManageProduct - TC01_Verify_Product_Page_Display: Verify default country = Vietnam
2021-10-15 17:25:19,082 INFO  TestCase.ManageProduct -  -------------------------- FAILED -------------------------- 
2021-10-15 17:26:39,330 INFO  TestCase.ManageProduct - Precondition: Login account
2021-10-15 17:26:47,358 INFO  TestCase.ManageProduct - TC01_Verify_Product_Page_Display: Click on Manage Product menu
2021-10-15 17:26:50,195 INFO  TestCase.ManageProduct - TC01_Verify_Product_Page_Display: Verify Manage product page is opened
2021-10-15 17:26:50,213 INFO  TestCase.ManageProduct -  -------------------------- PASSED -------------------------- 
2021-10-15 17:26:50,214 INFO  TestCase.ManageProduct - TC01_Verify_Product_Page_Display: Verify default country = Vietnam
2021-10-15 17:28:24,360 INFO  TestCase.ManageProduct - Precondition: Login account
2021-10-15 17:28:32,562 INFO  TestCase.ManageProduct - TC01_Verify_Product_Page_Display: Click on Manage Product menu
2021-10-15 17:28:35,265 INFO  TestCase.ManageProduct - TC01_Verify_Product_Page_Display: Verify Manage product page is opened
2021-10-15 17:28:35,289 INFO  TestCase.ManageProduct -  -------------------------- PASSED -------------------------- 
2021-10-15 17:28:35,290 INFO  TestCase.ManageProduct - TC01_Verify_Product_Page_Display: Verify default country = Vietnam
2021-10-15 17:28:35,350 INFO  TestCase.ManageProduct -  -------------------------- PASSED -------------------------- 
2021-10-15 17:36:35,825 INFO  TestCase.ManageProduct - Precondition: Login account
2021-10-15 17:36:39,187 INFO  TestCase.ManageProduct - TC01_Verify_Product_Page_Display: Click on Manage Product menu
2021-10-15 17:36:44,680 INFO  TestCase.ManageProduct - TC01_Verify_Product_Page_Display: Verify Manage product page is opened
2021-10-15 17:36:44,704 INFO  TestCase.ManageProduct -  -------------------------- PASSED -------------------------- 
2021-10-15 17:36:44,705 INFO  TestCase.ManageProduct - TC01_Verify_Product_Page_Display: Verify default country = Vietnam
2021-10-15 17:36:44,821 INFO  TestCase.ManageProduct -  -------------------------- PASSED -------------------------- 
2021-10-15 17:36:44,821 INFO  TestCase.ManageProduct - TC01_Verify_Product_Page_Display: Verify default Show = 10
2021-10-15 17:36:44,903 INFO  TestCase.ManageProduct -  -------------------------- PASSED -------------------------- 
2021-10-15 17:36:44,903 INFO  TestCase.ManageProduct - TC01_Verify_Product_Page_Display: Verify Export CSV button display
2021-10-15 17:36:44,921 INFO  TestCase.ManageProduct -  -------------------------- PASSED -------------------------- 
2021-10-15 17:36:44,921 INFO  TestCase.ManageProduct - TC01_Verify_Product_Page_Display: Verify Export Excel button display
2021-10-15 17:36:44,934 INFO  TestCase.ManageProduct -  -------------------------- PASSED -------------------------- 
