<?xml version="1.0" encoding="UTF-8"?>
<testsuite name="Run on CHROME"
           tests="6"
           failures="0"
           errors="0"
           skipped="0"
           time="41.421">
  <properties />
  
  
            <testcase name="TC02_Check_PASSWORD_Requirement" time="7.401" classname="TestCase.Login" />
                <testcase name="TC03_Check_Incorrect_Email" time="4.974" classname="TestCase.Login" />
                <testcase name="TC04_Check_Incorrect_Password" time="3.596" classname="TestCase.Login" />
                <testcase name="TC05_Login_Unpublish_Account" time="4.900" classname="TestCase.Login" />
                <testcase name="TC01_Check_Email_Requirement" time="16.340" classname="TestCase.Login" />
                <testcase name="TC07_Verify_Login_Success" time="4.210" classname="TestCase.Login" />
      
</testsuite>
